#
# There is insufficient memory for the Java Runtime Environment to continue.
# Native memory allocation (malloc) failed to allocate 100663296 bytes for committing reserved memory.
# Possible reasons:
#   The system is out of physical RAM or swap space
#   In 32 bit mode, the process size limit was hit
# Possible solutions:
#   Reduce memory load on the system
#   Increase physical memory or swap space
#   Check if swap backing store is full
#   Use 64 bit Java on a 64 bit OS
#   Decrease Java heap size (-Xmx/-Xms)
#   Decrease number of Java threads
#   Decrease Java thread stack sizes (-Xss)
#   Set larger code cache with -XX:ReservedCodeCacheSize=
# This output file may be truncated or incomplete.
#
#  Out of Memory Error (os_linux.cpp:2798), pid=18224, tid=140545638713088
#
# JRE version: OpenJDK Runtime Environment (7.0_65-b32) (build 1.7.0_65-b32)
# Java VM: OpenJDK 64-Bit Server VM (24.65-b04 mixed mode linux-amd64 compressed oops)
# Failed to write core dump. Core dumps have been disabled. To enable core dumping, try "ulimit -c unlimited" before starting Java again
#

---------------  T H R E A D  ---------------

Current thread (0x00007fd350070800):  VMThread [stack: 0x00007fd354cec000,0x00007fd354ded000] [id=18233]

Stack: [0x00007fd354cec000,0x00007fd354ded000],  sp=0x00007fd354deb4e0,  free space=1021k
Native frames: (J=compiled Java code, j=interpreted, Vv=VM code, C=native code)
V  [libjvm.so+0x97b8c6]
V  [libjvm.so+0x48c2b2]
V  [libjvm.so+0x7ef57b]
V  [libjvm.so+0x7e9cfe]
V  [libjvm.so+0x85ba7b]
V  [libjvm.so+0x85c933]
V  [libjvm.so+0x85d04b]
V  [libjvm.so+0x858a59]
V  [libjvm.so+0x859238]
V  [libjvm.so+0x811103]
V  [libjvm.so+0x97d192]
V  [libjvm.so+0x981a07]
V  [libjvm.so+0x97fffb]
V  [libjvm.so+0x9806a6]
V  [libjvm.so+0x980b71]
V  [libjvm.so+0x7ec282]

VM_Operation (0x00007fd3590afb40): ParallelGCFailedAllocation, mode: safepoint, requested by thread 0x00007fd350009800


---------------  P R O C E S S  ---------------

Java Threads: ( => current thread )
  0x00007fd3500a9000 JavaThread "Service Thread" daemon [_thread_blocked, id=18239, stack(0x00007fd35455c000,0x00007fd35465d000)]
  0x00007fd3500a6800 JavaThread "C1 CompilerThread1" daemon [_thread_blocked, id=18238, stack(0x00007fd35465d000,0x00007fd35475e000)]
  0x00007fd3500a3800 JavaThread "C2 CompilerThread0" daemon [_thread_blocked, id=18237, stack(0x00007fd35475e000,0x00007fd35485f000)]
  0x00007fd3500a1800 JavaThread "Signal Dispatcher" daemon [_thread_blocked, id=18236, stack(0x00007fd35485f000,0x00007fd354960000)]
  0x00007fd350077000 JavaThread "Finalizer" daemon [_thread_blocked, id=18235, stack(0x00007fd354aea000,0x00007fd354beb000)]
  0x00007fd350075000 JavaThread "Reference Handler" daemon [_thread_blocked, id=18234, stack(0x00007fd354beb000,0x00007fd354cec000)]
  0x00007fd350009800 JavaThread "main" [_thread_blocked, id=18229, stack(0x00007fd358fbd000,0x00007fd3590be000)]

Other Threads:
=>0x00007fd350070800 VMThread [stack: 0x00007fd354cec000,0x00007fd354ded000] [id=18233]
  0x00007fd3500b3800 WatcherThread [stack: 0x00007fd35445b000,0x00007fd35455c000] [id=18240]

VM state:at safepoint (normal execution)

VM Mutex/Monitor currently owned by a thread:  ([mutex/lock_event])
[0x00007fd3500073c0] Threads_lock - owner thread: 0x00007fd350070800
[0x00007fd3500078c0] Heap_lock - owner thread: 0x00007fd350009800

Heap
 PSYoungGen      total 103936K, used 2224K [0x00000000f0280000, 0x00000000f6d80000, 0x0000000100000000)
  eden space 98304K, 0% used [0x00000000f0280000,0x00000000f0280000,0x00000000f6280000)
  from space 5632K, 39% used [0x00000000f6280000,0x00000000f64ac300,0x00000000f6800000)
  to   space 5632K, 0% used [0x00000000f6800000,0x00000000f6800000,0x00000000f6d80000)
 ParOldGen       total 32256K, used 9081K [0x00000000d0800000, 0x00000000d2780000, 0x00000000f0280000)
  object space 32256K, 28% used [0x00000000d0800000,0x00000000d10de748,0x00000000d2780000)
 PSPermGen       total 21504K, used 15687K [0x00000000c6200000, 0x00000000c7700000, 0x00000000d0800000)
  object space 21504K, 72% used [0x00000000c6200000,0x00000000c7151e70,0x00000000c7700000)

Card table byte_map: [0x00007fd355eb0000,0x00007fd356080000] byte_map_base: 0x00007fd35587f000

Polling page: 0x00007fd3590e5000

Code Cache  [0x00007fd34a000000, 0x00007fd34a430000, 0x00007fd350000000)
 total_blobs=1903 nmethods=1623 adapters=215 free_code_cache=94079Kb largest_free_block=96336512

Compilation events (10 events):
Event: 5.719 Thread 0x00007fd3500a6800 1626       1       clojure.core$defn::getRequiredArity (2 bytes)
Event: 5.719 Thread 0x00007fd3500a6800 nmethod 1626 0x00007fd34a11fed0 code [0x00007fd34a120020, 0x00007fd34a120170]
Event: 5.720 Thread 0x00007fd3500a6800 1627       1       clojure.core$defn::doInvoke (998 bytes)
Event: 5.726 Thread 0x00007fd3500a6800 nmethod 1627 0x00007fd34a41b090 code [0x00007fd34a41b6a0, 0x00007fd34a41d888]
Event: 5.728 Thread 0x00007fd3500a6800 1628       1       clojure.core$sigs$asig__3893::<init> (5 bytes)
Event: 5.728 Thread 0x00007fd3500a6800 nmethod 1628 0x00007fd34a11fc10 code [0x00007fd34a11fd60, 0x00007fd34a11fe90]
Event: 5.750 Thread 0x00007fd3500a6800 1629       1       java.net.URL::openConnection (9 bytes)
Event: 5.750 Thread 0x00007fd3500a6800 nmethod 1629 0x00007fd34a41ff10 code [0x00007fd34a420080, 0x00007fd34a4201e8]
Event: 5.751 Thread 0x00007fd3500a6800 1630       1       java.net.URLConnection::<init> (44 bytes)
Event: 5.751 Thread 0x00007fd3500a6800 nmethod 1630 0x00007fd34a420250 code [0x00007fd34a4203a0, 0x00007fd34a420530]

GC Heap History (10 events):
Event: 1.411 GC heap after
Heap after GC invocations=2 (full 0):
 PSYoungGen      total 26624K, used 2016K [0x00000000f0280000, 0x00000000f1e80000, 0x0000000100000000)
  eden space 24576K, 0% used [0x00000000f0280000,0x00000000f0280000,0x00000000f1a80000)
  from space 2048K, 98% used [0x00000000f1c80000,0x00000000f1e78020,0x00000000f1e80000)
  to   space 2048K, 0% used [0x00000000f1a80000,0x00000000f1a80000,0x00000000f1c80000)
 ParOldGen       total 32256K, used 2583K [0x00000000d0800000, 0x00000000d2780000, 0x00000000f0280000)
  object space 32256K, 8% used [0x00000000d0800000,0x00000000d0a85e90,0x00000000d2780000)
 PSPermGen       total 21504K, used 8861K [0x00000000c6200000, 0x00000000c7700000, 0x00000000d0800000)
  object space 21504K, 41% used [0x00000000c6200000,0x00000000c6aa7780,0x00000000c7700000)
}
Event: 2.096 GC heap before
{Heap before GC invocations=3 (full 0):
 PSYoungGen      total 26624K, used 26592K [0x00000000f0280000, 0x00000000f1e80000, 0x0000000100000000)
  eden space 24576K, 100% used [0x00000000f0280000,0x00000000f1a80000,0x00000000f1a80000)
  from space 2048K, 98% used [0x00000000f1c80000,0x00000000f1e78020,0x00000000f1e80000)
  to   space 2048K, 0% used [0x00000000f1a80000,0x00000000f1a80000,0x00000000f1c80000)
 ParOldGen       total 32256K, used 2583K [0x00000000d0800000, 0x00000000d2780000, 0x00000000f0280000)
  object space 32256K, 8% used [0x00000000d0800000,0x00000000d0a85e90,0x00000000d2780000)
 PSPermGen       total 21504K, used 12138K [0x00000000c6200000, 0x00000000c7700000, 0x00000000d0800000)
  object space 21504K, 56% used [0x00000000c6200000,0x00000000c6dda860,0x00000000c7700000)
Event: 2.113 GC heap after
Heap after GC invocations=3 (full 0):
 PSYoungGen      total 26624K, used 2016K [0x00000000f0280000, 0x00000000f3680000, 0x0000000100000000)
  eden space 24576K, 0% used [0x00000000f0280000,0x00000000f0280000,0x00000000f1a80000)
  from space 2048K, 98% used [0x00000000f1a80000,0x00000000f1c78020,0x00000000f1c80000)
  to   space 2048K, 0% used [0x00000000f3480000,0x00000000f3480000,0x00000000f3680000)
 ParOldGen       total 32256K, used 5968K [0x00000000d0800000, 0x00000000d2780000, 0x00000000f0280000)
  object space 32256K, 18% used [0x00000000d0800000,0x00000000d0dd4178,0x00000000d2780000)
 PSPermGen       total 21504K, used 12138K [0x00000000c6200000, 0x00000000c7700000, 0x00000000d0800000)
  object space 21504K, 56% used [0x00000000c6200000,0x00000000c6dda860,0x00000000c7700000)
}
Event: 2.606 GC heap before
{Heap before GC invocations=4 (full 0):
 PSYoungGen      total 26624K, used 26592K [0x00000000f0280000, 0x00000000f3680000, 0x0000000100000000)
  eden space 24576K, 100% used [0x00000000f0280000,0x00000000f1a80000,0x00000000f1a80000)
  from space 2048K, 98% used [0x00000000f1a80000,0x00000000f1c78020,0x00000000f1c80000)
  to   space 2048K, 0% used [0x00000000f3480000,0x00000000f3480000,0x00000000f3680000)
 ParOldGen       total 32256K, used 5968K [0x00000000d0800000, 0x00000000d2780000, 0x00000000f0280000)
  object space 32256K, 18% used [0x00000000d0800000,0x00000000d0dd4178,0x00000000d2780000)
 PSPermGen       total 21504K, used 12746K [0x00000000c6200000, 0x00000000c7700000, 0x00000000d0800000)
  object space 21504K, 59% used [0x00000000c6200000,0x00000000c6e72ae0,0x00000000c7700000)
Event: 2.622 GC heap after
Heap after GC invocations=4 (full 0):
 PSYoungGen      total 51200K, used 2032K [0x00000000f0280000, 0x00000000f3680000, 0x0000000100000000)
  eden space 49152K, 0% used [0x00000000f0280000,0x00000000f0280000,0x00000000f3280000)
  from space 2048K, 99% used [0x00000000f3480000,0x00000000f367c030,0x00000000f3680000)
  to   space 2048K, 0% used [0x00000000f3280000,0x00000000f3280000,0x00000000f3480000)
 ParOldGen       total 32256K, used 7109K [0x00000000d0800000, 0x00000000d2780000, 0x00000000f0280000)
  object space 32256K, 22% used [0x00000000d0800000,0x00000000d0ef1518,0x00000000d2780000)
 PSPermGen       total 21504K, used 12746K [0x00000000c6200000, 0x00000000c7700000, 0x00000000d0800000)
  object space 21504K, 59% used [0x00000000c6200000,0x00000000c6e72ae0,0x00000000c7700000)
}
Event: 3.594 GC heap before
{Heap before GC invocations=5 (full 0):
 PSYoungGen      total 51200K, used 51184K [0x00000000f0280000, 0x00000000f3680000, 0x0000000100000000)
  eden space 49152K, 100% used [0x00000000f0280000,0x00000000f3280000,0x00000000f3280000)
  from space 2048K, 99% used [0x00000000f3480000,0x00000000f367c030,0x00000000f3680000)
  to   space 2048K, 0% used [0x00000000f3280000,0x00000000f3280000,0x00000000f3480000)
 ParOldGen       total 32256K, used 7109K [0x00000000d0800000, 0x00000000d2780000, 0x00000000f0280000)
  object space 32256K, 22% used [0x00000000d0800000,0x00000000d0ef1518,0x00000000d2780000)
 PSPermGen       total 21504K, used 13744K [0x00000000c6200000, 0x00000000c7700000, 0x00000000d0800000)
  object space 21504K, 63% used [0x00000000c6200000,0x00000000c6f6c0d8,0x00000000c7700000)
Event: 3.610 GC heap after
Heap after GC invocations=5 (full 0):
 PSYoungGen      total 51200K, used 2016K [0x00000000f0280000, 0x00000000f6d80000, 0x0000000100000000)
  eden space 49152K, 0% used [0x00000000f0280000,0x00000000f0280000,0x00000000f3280000)
  from space 2048K, 98% used [0x00000000f3280000,0x00000000f3478020,0x00000000f3480000)
  to   space 5632K, 0% used [0x00000000f6800000,0x00000000f6800000,0x00000000f6d80000)
 ParOldGen       total 32256K, used 7989K [0x00000000d0800000, 0x00000000d2780000, 0x00000000f0280000)
  object space 32256K, 24% used [0x00000000d0800000,0x00000000d0fcd430,0x00000000d2780000)
 PSPermGen       total 21504K, used 13744K [0x00000000c6200000, 0x00000000c7700000, 0x00000000d0800000)
  object space 21504K, 63% used [0x00000000c6200000,0x00000000c6f6c0d8,0x00000000c7700000)
}
Event: 4.446 GC heap before
{Heap before GC invocations=6 (full 0):
 PSYoungGen      total 51200K, used 51168K [0x00000000f0280000, 0x00000000f6d80000, 0x0000000100000000)
  eden space 49152K, 100% used [0x00000000f0280000,0x00000000f3280000,0x00000000f3280000)
  from space 2048K, 98% used [0x00000000f3280000,0x00000000f3478020,0x00000000f3480000)
  to   space 5632K, 0% used [0x00000000f6800000,0x00000000f6800000,0x00000000f6d80000)
 ParOldGen       total 32256K, used 7989K [0x00000000d0800000, 0x00000000d2780000, 0x00000000f0280000)
  object space 32256K, 24% used [0x00000000d0800000,0x00000000d0fcd430,0x00000000d2780000)
 PSPermGen       total 21504K, used 14744K [0x00000000c6200000, 0x00000000c7700000, 0x00000000d0800000)
  object space 21504K, 68% used [0x00000000c6200000,0x00000000c70661f0,0x00000000c7700000)
Event: 4.479 GC heap after
Heap after GC invocations=6 (full 0):
 PSYoungGen      total 103936K, used 2976K [0x00000000f0280000, 0x00000000f6d80000, 0x0000000100000000)
  eden space 98304K, 0% used [0x00000000f0280000,0x00000000f0280000,0x00000000f6280000)
  from space 5632K, 52% used [0x00000000f6800000,0x00000000f6ae8020,0x00000000f6d80000)
  to   space 5632K, 0% used [0x00000000f6280000,0x00000000f6280000,0x00000000f6800000)
 ParOldGen       total 32256K, used 7989K [0x00000000d0800000, 0x00000000d2780000, 0x00000000f0280000)
  object space 32256K, 24% used [0x00000000d0800000,0x00000000d0fcd430,0x00000000d2780000)
 PSPermGen       total 21504K, used 14744K [0x00000000c6200000, 0x00000000c7700000, 0x00000000d0800000)
  object space 21504K, 68% used [0x00000000c6200000,0x00000000c70661f0,0x00000000c7700000)
}
Event: 5.779 GC heap before
{Heap before GC invocations=7 (full 0):
 PSYoungGen      total 103936K, used 101280K [0x00000000f0280000, 0x00000000f6d80000, 0x0000000100000000)
  eden space 98304K, 100% used [0x00000000f0280000,0x00000000f6280000,0x00000000f6280000)
  from space 5632K, 52% used [0x00000000f6800000,0x00000000f6ae8020,0x00000000f6d80000)
  to   space 5632K, 0% used [0x00000000f6280000,0x00000000f6280000,0x00000000f6800000)
 ParOldGen       total 32256K, used 7989K [0x00000000d0800000, 0x00000000d2780000, 0x00000000f0280000)
  object space 32256K, 24% used [0x00000000d0800000,0x00000000d0fcd430,0x00000000d2780000)
 PSPermGen       total 21504K, used 15687K [0x00000000c6200000, 0x00000000c7700000, 0x00000000d0800000)
  object space 21504K, 72% used [0x00000000c6200000,0x00000000c7151e70,0x00000000c7700000)

Deoptimization events (0 events):
No events

Internal exceptions (10 events):
Event: 5.775 Thread 0x00007fd350009800 Threw 0x00000000f6256c88 at /build/java7-openjdk/src/icedtea-2.5.1/openjdk/hotspot/src/share/vm/prims/jvm.cpp:1247
Event: 5.775 Thread 0x00007fd350009800 Threw 0x00000000f62577d0 at /build/java7-openjdk/src/icedtea-2.5.1/openjdk/hotspot/src/share/vm/prims/jvm.cpp:1247
Event: 5.775 Thread 0x00007fd350009800 Threw 0x00000000f6258318 at /build/java7-openjdk/src/icedtea-2.5.1/openjdk/hotspot/src/share/vm/prims/jvm.cpp:1247
Event: 5.775 Thread 0x00007fd350009800 Threw 0x00000000f6258e60 at /build/java7-openjdk/src/icedtea-2.5.1/openjdk/hotspot/src/share/vm/prims/jvm.cpp:1247
Event: 5.775 Thread 0x00007fd350009800 Threw 0x00000000f62599a8 at /build/java7-openjdk/src/icedtea-2.5.1/openjdk/hotspot/src/share/vm/prims/jvm.cpp:1247
Event: 5.775 Thread 0x00007fd350009800 Threw 0x00000000f625a4f0 at /build/java7-openjdk/src/icedtea-2.5.1/openjdk/hotspot/src/share/vm/prims/jvm.cpp:1247
Event: 5.775 Thread 0x00007fd350009800 Threw 0x00000000f625b038 at /build/java7-openjdk/src/icedtea-2.5.1/openjdk/hotspot/src/share/vm/prims/jvm.cpp:1247
Event: 5.775 Thread 0x00007fd350009800 Threw 0x00000000f625bb80 at /build/java7-openjdk/src/icedtea-2.5.1/openjdk/hotspot/src/share/vm/prims/jvm.cpp:1247
Event: 5.775 Thread 0x00007fd350009800 Threw 0x00000000f625c5c8 at /build/java7-openjdk/src/icedtea-2.5.1/openjdk/hotspot/src/share/vm/prims/jvm.cpp:1247
Event: 5.775 Thread 0x00007fd350009800 Threw 0x00000000f625cf10 at /build/java7-openjdk/src/icedtea-2.5.1/openjdk/hotspot/src/share/vm/prims/jvm.cpp:1247

Events (10 events):
Event: 5.734 loading class 0x00007fd350f9b220 done
Event: 5.740 loading class 0x00007fd350b00d00
Event: 5.740 loading class 0x00007fd350b00d00 done
Event: 5.749 loading class 0x00007fd350e0b8a0
Event: 5.749 loading class 0x00007fd350e0b8a0 done
Event: 5.752 loading class 0x00007fd350f49900
Event: 5.752 loading class 0x00007fd350f49900 done
Event: 5.774 loading class 0x00007fd350e33fe0
Event: 5.774 loading class 0x00007fd350e33fe0 done
Event: 5.779 Executing VM operation: ParallelGCFailedAllocation


Dynamic libraries:
00400000-00401000 r-xp 00000000 08:03 533786                             /usr/lib/jvm/java-7-openjdk/jre/bin/java
00600000-00601000 rw-p 00000000 08:03 533786                             /usr/lib/jvm/java-7-openjdk/jre/bin/java
00bc1000-00be2000 rw-p 00000000 00:00 0                                  [heap]
c6200000-c7700000 rw-p 00000000 00:00 0 
c7700000-d0800000 rw-p 00000000 00:00 0 
d0800000-d2780000 rw-p 00000000 00:00 0 
d2780000-f0280000 rw-p 00000000 00:00 0 
f0280000-f6d80000 rw-p 00000000 00:00 0 
fcd80000-100000000 rw-p 00000000 00:00 0 
7fd314000000-7fd314021000 rw-p 00000000 00:00 0 
7fd314021000-7fd318000000 ---p 00000000 00:00 0 
7fd31c000000-7fd31c021000 rw-p 00000000 00:00 0 
7fd31c021000-7fd320000000 ---p 00000000 00:00 0 
7fd324000000-7fd324021000 rw-p 00000000 00:00 0 
7fd324021000-7fd328000000 ---p 00000000 00:00 0 
7fd328000000-7fd3282cb000 rw-p 00000000 00:00 0 
7fd3282cb000-7fd32c000000 ---p 00000000 00:00 0 
7fd32c000000-7fd32c021000 rw-p 00000000 00:00 0 
7fd32c021000-7fd330000000 ---p 00000000 00:00 0 
7fd330000000-7fd330021000 rw-p 00000000 00:00 0 
7fd330021000-7fd334000000 ---p 00000000 00:00 0 
7fd334000000-7fd334021000 rw-p 00000000 00:00 0 
7fd334021000-7fd338000000 ---p 00000000 00:00 0 
7fd338000000-7fd338021000 rw-p 00000000 00:00 0 
7fd338021000-7fd33c000000 ---p 00000000 00:00 0 
7fd33c000000-7fd33c021000 rw-p 00000000 00:00 0 
7fd33c021000-7fd340000000 ---p 00000000 00:00 0 
7fd342e98000-7fd342eac000 r-xp 00000000 08:03 396487                     /usr/lib/libresolv-2.19.so
7fd342eac000-7fd3430ab000 ---p 00014000 08:03 396487                     /usr/lib/libresolv-2.19.so
7fd3430ab000-7fd3430ac000 r--p 00013000 08:03 396487                     /usr/lib/libresolv-2.19.so
7fd3430ac000-7fd3430ad000 rw-p 00014000 08:03 396487                     /usr/lib/libresolv-2.19.so
7fd3430ad000-7fd3430af000 rw-p 00000000 00:00 0 
7fd3430b0000-7fd343119000 r-xp 00000000 08:03 404070                     /usr/lib/libpcre.so.1.2.3
7fd343119000-7fd343318000 ---p 00069000 08:03 404070                     /usr/lib/libpcre.so.1.2.3
7fd343318000-7fd343319000 r--p 00068000 08:03 404070                     /usr/lib/libpcre.so.1.2.3
7fd343319000-7fd34331a000 rw-p 00069000 08:03 404070                     /usr/lib/libpcre.so.1.2.3
7fd343320000-7fd343323000 r-xp 00000000 08:03 404278                     /usr/lib/libgmodule-2.0.so.0.4000.0
7fd343323000-7fd343522000 ---p 00003000 08:03 404278                     /usr/lib/libgmodule-2.0.so.0.4000.0
7fd343522000-7fd343523000 r--p 00002000 08:03 404278                     /usr/lib/libgmodule-2.0.so.0.4000.0
7fd343523000-7fd343524000 rw-p 00003000 08:03 404278                     /usr/lib/libgmodule-2.0.so.0.4000.0
7fd343528000-7fd34352f000 r-xp 00000000 08:03 404199                     /usr/lib/libffi.so.6.0.2
7fd34352f000-7fd34372e000 ---p 00007000 08:03 404199                     /usr/lib/libffi.so.6.0.2
7fd34372e000-7fd34372f000 r--p 00006000 08:03 404199                     /usr/lib/libffi.so.6.0.2
7fd34372f000-7fd343730000 rw-p 00007000 08:03 404199                     /usr/lib/libffi.so.6.0.2
7fd343730000-7fd343835000 r-xp 00000000 08:03 404277                     /usr/lib/libglib-2.0.so.0.4000.0
7fd343835000-7fd343a35000 ---p 00105000 08:03 404277                     /usr/lib/libglib-2.0.so.0.4000.0
7fd343a35000-7fd343a36000 r--p 00105000 08:03 404277                     /usr/lib/libglib-2.0.so.0.4000.0
7fd343a36000-7fd343a37000 rw-p 00106000 08:03 404277                     /usr/lib/libglib-2.0.so.0.4000.0
7fd343a37000-7fd343a38000 rw-p 00000000 00:00 0 
7fd343a38000-7fd343a86000 r-xp 00000000 08:03 404280                     /usr/lib/libgobject-2.0.so.0.4000.0
7fd343a86000-7fd343c86000 ---p 0004e000 08:03 404280                     /usr/lib/libgobject-2.0.so.0.4000.0
7fd343c86000-7fd343c87000 r--p 0004e000 08:03 404280                     /usr/lib/libgobject-2.0.so.0.4000.0
7fd343c87000-7fd343c88000 rw-p 0004f000 08:03 404280                     /usr/lib/libgobject-2.0.so.0.4000.0
7fd343c88000-7fd343df1000 r-xp 00000000 08:03 404281                     /usr/lib/libgio-2.0.so.0.4000.0
7fd343df1000-7fd343ff1000 ---p 00169000 08:03 404281                     /usr/lib/libgio-2.0.so.0.4000.0
7fd343ff1000-7fd343ff5000 r--p 00169000 08:03 404281                     /usr/lib/libgio-2.0.so.0.4000.0
7fd343ff5000-7fd343ff7000 rw-p 0016d000 08:03 404281                     /usr/lib/libgio-2.0.so.0.4000.0
7fd343ff7000-7fd343ff9000 rw-p 00000000 00:00 0 
7fd344000000-7fd344021000 rw-p 00000000 00:00 0 
7fd344021000-7fd348000000 ---p 00000000 00:00 0 
7fd3480f8000-7fd34810e000 r-xp 00000000 08:03 661356                     /usr/lib/jvm/java-7-openjdk/jre/lib/amd64/libnet.so
7fd34810e000-7fd34830e000 ---p 00016000 08:03 661356                     /usr/lib/jvm/java-7-openjdk/jre/lib/amd64/libnet.so
7fd34830e000-7fd34830f000 rw-p 00016000 08:03 661356                     /usr/lib/jvm/java-7-openjdk/jre/lib/amd64/libnet.so
7fd348310000-7fd34a000000 rw-p 00000000 00:00 0 
7fd34a000000-7fd34a430000 rwxp 00000000 00:00 0 
7fd34a430000-7fd3510fa000 rw-p 00000000 00:00 0 
7fd3510fa000-7fd354000000 ---p 00000000 00:00 0 
7fd354113000-7fd35411b000 r--s 0007b000 08:03 1573461                    /home/kris/.m2/repository/com/google/protobuf/protobuf-java/2.5.0/protobuf-java-2.5.0.jar
7fd354122000-7fd35414f000 r--s 0028a000 08:03 1573460                    /home/kris/.m2/repository/com/google/javascript/closure-compiler/v20140625/closure-compiler-v20140625.jar
7fd354151000-7fd354152000 r--s 00001000 08:03 1573473                    /home/kris/.m2/repository/org/clojure/data.json/0.2.3/data.json-0.2.3.jar
7fd354158000-7fd354168000 r-xp 00000000 08:03 661357                     /usr/lib/jvm/java-7-openjdk/jre/lib/amd64/libnio.so
7fd354168000-7fd354368000 ---p 00010000 08:03 661357                     /usr/lib/jvm/java-7-openjdk/jre/lib/amd64/libnio.so
7fd354368000-7fd354369000 rw-p 00010000 08:03 661357                     /usr/lib/jvm/java-7-openjdk/jre/lib/amd64/libnio.so
7fd354370000-7fd3543af000 r--s 00340000 08:03 1573135                    /home/kris/.m2/repository/org/clojure/clojure/1.6.0/clojure-1.6.0.jar
7fd3543b1000-7fd3543b2000 r--s 00001000 08:03 1573198                    /home/kris/.m2/repository/fs/fs/1.1.2/fs-1.1.2.jar
7fd3543b8000-7fd3543ba000 r--s 00008000 08:03 2113623                    /home/kris/.m2/repository/org/clojure/tools.nrepl/0.2.6/tools.nrepl-0.2.6.jar
7fd3543c0000-7fd3543ed000 r--s 004c0000 08:03 1573469                    /home/kris/.m2/repository/org/clojure/google-closure-library/0.0-20140718-946a7d39/google-closure-library-0.0-20140718-946a7d39.jar
7fd3543ee000-7fd3543f1000 r--s 00006000 08:03 1573468                    /home/kris/.m2/repository/com/google/code/findbugs/jsr305/1.3.9/jsr305-1.3.9.jar
7fd3543f1000-7fd3543f4000 r--s 00019000 08:03 1573454                    /home/kris/.m2/repository/cljsbuild/cljsbuild/1.0.4-SNAPSHOT/cljsbuild-1.0.4-SNAPSHOT.jar
7fd3543f4000-7fd3543f5000 r--s 0001c000 08:03 1573463                    /home/kris/.m2/repository/com/google/javascript/closure-compiler-externs/v20140625/closure-compiler-externs-v20140625.jar
7fd3543fa000-7fd3543ff000 r--s 00032000 08:03 1573194                    /home/kris/.m2/repository/org/apache/commons/commons-compress/1.3/commons-compress-1.3.jar
7fd354402000-7fd354404000 r--s 0000a000 08:03 1573465                    /home/kris/.m2/repository/org/json/json/20090211/json-20090211.jar
7fd354409000-7fd354416000 r--s 00109000 08:03 1573476                    /home/kris/.m2/repository/org/mozilla/rhino/1.7R4/rhino-1.7R4.jar
7fd354418000-7fd35441b000 r--s 00010000 08:03 1573455                    /home/kris/.m2/repository/args4j/args4j/2.0.26/args4j-2.0.26.jar
7fd354421000-7fd354422000 r--s 00001000 08:03 1573500                    /home/kris/.m2/repository/clj-stacktrace/clj-stacktrace/0.2.5/clj-stacktrace-0.2.5.jar
7fd354429000-7fd354454000 r--s 001f9000 08:03 1573457                    /home/kris/.m2/repository/com/google/guava/guava/17.0/guava-17.0.jar
7fd354459000-7fd35445b000 r--s 00011000 08:03 1573471                    /home/kris/.m2/repository/org/clojure/google-closure-library-third-party/0.0-20140718-946a7d39/google-closure-library-third-party-0.0-20140718-946a7d39.jar
7fd35445b000-7fd35445c000 ---p 00000000 00:00 0 
7fd35445c000-7fd35455c000 rw-p 00000000 00:00 0                          [stack:18240]
7fd35455c000-7fd35455f000 ---p 00000000 00:00 0 
7fd35455f000-7fd35465d000 rw-p 00000000 00:00 0                          [stack:18239]
7fd35465d000-7fd354660000 ---p 00000000 00:00 0 
7fd354660000-7fd35475e000 rw-p 00000000 00:00 0                          [stack:18238]
7fd35475e000-7fd354761000 ---p 00000000 00:00 0 
7fd354761000-7fd35485f000 rw-p 00000000 00:00 0                          [stack:18237]
7fd35485f000-7fd354862000 ---p 00000000 00:00 0 
7fd354862000-7fd354960000 rw-p 00000000 00:00 0                          [stack:18236]
7fd354960000-7fd354ae9000 r--p 00000000 08:03 413189                     /usr/lib/locale/locale-archive
7fd354aea000-7fd354aed000 ---p 00000000 00:00 0 
7fd354aed000-7fd354beb000 rw-p 00000000 00:00 0                          [stack:18235]
7fd354beb000-7fd354bee000 ---p 00000000 00:00 0 
7fd354bee000-7fd354cec000 rw-p 00000000 00:00 0                          [stack:18234]
7fd354cec000-7fd354ced000 ---p 00000000 00:00 0 
7fd354ced000-7fd355759000 rw-p 00000000 00:00 0                          [stack:18233]
7fd355759000-7fd35590a000 r--s 01d21000 08:03 533769                     /usr/lib/jvm/java-7-openjdk/jre/lib/rt.jar
7fd355910000-7fd355bb0000 rw-p 00000000 00:00 0 
7fd355bb0000-7fd355bb1000 ---p 00000000 00:00 0 
7fd355bb1000-7fd355cb1000 rw-p 00000000 00:00 0                          [stack:18232]
7fd355cb1000-7fd355cb2000 ---p 00000000 00:00 0 
7fd355cb2000-7fd355dc2000 rw-p 00000000 00:00 0                          [stack:18231]
7fd355dc2000-7fd355eb0000 rw-p 00000000 00:00 0 
7fd355eb0000-7fd355ebb000 rw-p 00000000 00:00 0 
7fd355ebb000-7fd355f03000 rw-p 00000000 00:00 0 
7fd355f03000-7fd355f13000 rw-p 00000000 00:00 0 
7fd355f13000-7fd356000000 rw-p 00000000 00:00 0 
7fd356000000-7fd356036000 rw-p 00000000 00:00 0 
7fd356036000-7fd35607f000 rw-p 00000000 00:00 0 
7fd35607f000-7fd356091000 rw-p 00000000 00:00 0 
7fd356091000-7fd356200000 rw-p 00000000 00:00 0 
7fd356200000-7fd356208000 r-xp 00000000 08:03 661355                     /usr/lib/jvm/java-7-openjdk/jre/lib/amd64/libzip.so
7fd356208000-7fd356407000 ---p 00008000 08:03 661355                     /usr/lib/jvm/java-7-openjdk/jre/lib/amd64/libzip.so
7fd356407000-7fd356408000 rw-p 00007000 08:03 661355                     /usr/lib/jvm/java-7-openjdk/jre/lib/amd64/libzip.so
7fd356408000-7fd356413000 r-xp 00000000 08:03 396521                     /usr/lib/libnss_files-2.19.so
7fd356413000-7fd356612000 ---p 0000b000 08:03 396521                     /usr/lib/libnss_files-2.19.so
7fd356612000-7fd356613000 r--p 0000a000 08:03 396521                     /usr/lib/libnss_files-2.19.so
7fd356613000-7fd356614000 rw-p 0000b000 08:03 396521                     /usr/lib/libnss_files-2.19.so
7fd356618000-7fd356644000 r-xp 00000000 08:03 661354                     /usr/lib/jvm/java-7-openjdk/jre/lib/amd64/libjava.so
7fd356644000-7fd356843000 ---p 0002c000 08:03 661354                     /usr/lib/jvm/java-7-openjdk/jre/lib/amd64/libjava.so
7fd356843000-7fd356845000 rw-p 0002b000 08:03 661354                     /usr/lib/jvm/java-7-openjdk/jre/lib/amd64/libjava.so
7fd356848000-7fd356855000 r-xp 00000000 08:03 661353                     /usr/lib/jvm/java-7-openjdk/jre/lib/amd64/libverify.so
7fd356855000-7fd356a54000 ---p 0000d000 08:03 661353                     /usr/lib/jvm/java-7-openjdk/jre/lib/amd64/libverify.so
7fd356a54000-7fd356a56000 rw-p 0000c000 08:03 661353                     /usr/lib/jvm/java-7-openjdk/jre/lib/amd64/libverify.so
7fd356a58000-7fd356a5f000 r-xp 00000000 08:03 396522                     /usr/lib/librt-2.19.so
7fd356a5f000-7fd356c5e000 ---p 00007000 08:03 396522                     /usr/lib/librt-2.19.so
7fd356c5e000-7fd356c5f000 r--p 00006000 08:03 396522                     /usr/lib/librt-2.19.so
7fd356c5f000-7fd356c60000 rw-p 00007000 08:03 396522                     /usr/lib/librt-2.19.so
7fd356c60000-7fd356c76000 r-xp 00000000 08:03 399792                     /usr/lib/libgcc_s.so.1
7fd356c76000-7fd356e75000 ---p 00016000 08:03 399792                     /usr/lib/libgcc_s.so.1
7fd356e75000-7fd356e76000 rw-p 00015000 08:03 399792                     /usr/lib/libgcc_s.so.1
7fd356e78000-7fd356f7b000 r-xp 00000000 08:03 396484                     /usr/lib/libm-2.19.so
7fd356f7b000-7fd35717a000 ---p 00103000 08:03 396484                     /usr/lib/libm-2.19.so
7fd35717a000-7fd35717b000 r--p 00102000 08:03 396484                     /usr/lib/libm-2.19.so
7fd35717b000-7fd35717c000 rw-p 00103000 08:03 396484                     /usr/lib/libm-2.19.so
7fd357180000-7fd357270000 r-xp 00000000 08:03 399796                     /usr/lib/libstdc++.so.6.0.20
7fd357270000-7fd357470000 ---p 000f0000 08:03 399796                     /usr/lib/libstdc++.so.6.0.20
7fd357470000-7fd357478000 r--p 000f0000 08:03 399796                     /usr/lib/libstdc++.so.6.0.20
7fd357478000-7fd35747a000 rw-p 000f8000 08:03 399796                     /usr/lib/libstdc++.so.6.0.20
7fd35747a000-7fd35748f000 rw-p 00000000 00:00 0 
7fd357490000-7fd357fd8000 r-xp 00000000 08:03 1445202                    /usr/lib/jvm/java-7-openjdk/jre/lib/amd64/server/libjvm.so
7fd357fd8000-7fd3581d7000 ---p 00b48000 08:03 1445202                    /usr/lib/jvm/java-7-openjdk/jre/lib/amd64/server/libjvm.so
7fd3581d7000-7fd358299000 rw-p 00b47000 08:03 1445202                    /usr/lib/jvm/java-7-openjdk/jre/lib/amd64/server/libjvm.so
7fd358299000-7fd3582c5000 rw-p 00000000 00:00 0 
7fd3582c8000-7fd3582dd000 r-xp 00000000 08:03 399541                     /usr/lib/libz.so.1.2.8
7fd3582dd000-7fd3584dc000 ---p 00015000 08:03 399541                     /usr/lib/libz.so.1.2.8
7fd3584dc000-7fd3584dd000 r--p 00014000 08:03 399541                     /usr/lib/libz.so.1.2.8
7fd3584dd000-7fd3584de000 rw-p 00015000 08:03 399541                     /usr/lib/libz.so.1.2.8
7fd3584e0000-7fd358684000 r-xp 00000000 08:03 396528                     /usr/lib/libc-2.19.so
7fd358684000-7fd358884000 ---p 001a4000 08:03 396528                     /usr/lib/libc-2.19.so
7fd358884000-7fd358888000 r--p 001a4000 08:03 396528                     /usr/lib/libc-2.19.so
7fd358888000-7fd35888a000 rw-p 001a8000 08:03 396528                     /usr/lib/libc-2.19.so
7fd35888a000-7fd35888e000 rw-p 00000000 00:00 0 
7fd358890000-7fd358893000 r-xp 00000000 08:03 396493                     /usr/lib/libdl-2.19.so
7fd358893000-7fd358a92000 ---p 00003000 08:03 396493                     /usr/lib/libdl-2.19.so
7fd358a92000-7fd358a93000 r--p 00002000 08:03 396493                     /usr/lib/libdl-2.19.so
7fd358a93000-7fd358a94000 rw-p 00003000 08:03 396493                     /usr/lib/libdl-2.19.so
7fd358a98000-7fd358aa5000 r-xp 00000000 08:03 1445198                    /usr/lib/jvm/java-7-openjdk/jre/lib/amd64/jli/libjli.so
7fd358aa5000-7fd358ca4000 ---p 0000d000 08:03 1445198                    /usr/lib/jvm/java-7-openjdk/jre/lib/amd64/jli/libjli.so
7fd358ca4000-7fd358ca5000 rw-p 0000c000 08:03 1445198                    /usr/lib/jvm/java-7-openjdk/jre/lib/amd64/jli/libjli.so
7fd358ca8000-7fd358cc0000 r-xp 00000000 08:03 396543                     /usr/lib/libpthread-2.19.so
7fd358cc0000-7fd358ec0000 ---p 00018000 08:03 396543                     /usr/lib/libpthread-2.19.so
7fd358ec0000-7fd358ec1000 r--p 00018000 08:03 396543                     /usr/lib/libpthread-2.19.so
7fd358ec1000-7fd358ec2000 rw-p 00019000 08:03 396543                     /usr/lib/libpthread-2.19.so
7fd358ec2000-7fd358ec6000 rw-p 00000000 00:00 0 
7fd358ec8000-7fd358ee9000 r-xp 00000000 08:03 396512                     /usr/lib/ld-2.19.so
7fd358ef0000-7fd358ef1000 r--s 00000000 08:03 1573499                    /home/kris/.m2/repository/clojure-complete/clojure-complete/0.2.3/clojure-complete-0.2.3.jar
7fd358ef6000-7fd358ef7000 r--s 00026000 08:03 1573458                    /home/kris/.m2/repository/org/clojure/clojurescript/0.0-2311/clojurescript-0.0-2311.jar
7fd358ef7000-7fd358ef8000 r--s 00007000 08:03 1573477                    /home/kris/.m2/repository/org/clojure/tools.reader/0.8.4/tools.reader-0.8.4.jar
7fd358ef9000-7fd358f75000 rw-p 00000000 00:00 0 
7fd358f75000-7fd358fbd000 rw-p 00000000 00:00 0 
7fd358fbd000-7fd358fc0000 ---p 00000000 00:00 0 
7fd358fc0000-7fd3590c0000 rw-p 00000000 00:00 0                          [stack:18229]
7fd3590c5000-7fd3590d8000 rw-p 00000000 00:00 0 
7fd3590d8000-7fd3590e0000 rw-s 00000000 00:1f 2059250                    /tmp/hsperfdata_kris/18224
7fd3590e3000-7fd3590e5000 rw-p 00000000 00:00 0 
7fd3590e5000-7fd3590e6000 ---p 00000000 00:00 0 
7fd3590e6000-7fd3590e8000 rw-p 00000000 00:00 0 
7fd3590e8000-7fd3590e9000 r--p 00020000 08:03 396512                     /usr/lib/ld-2.19.so
7fd3590e9000-7fd3590ea000 rw-p 00021000 08:03 396512                     /usr/lib/ld-2.19.so
7fd3590ea000-7fd3590ec000 rw-p 00000000 00:00 0 
7fff77130000-7fff77151000 rw-p 00000000 00:00 0                          [stack]
7fff77168000-7fff7716a000 r-xp 00000000 00:00 0                          [vdso]
7fff7716a000-7fff7716c000 r--p 00000000 00:00 0                          [vvar]
ffffffffff600000-ffffffffff601000 r-xp 00000000 00:00 0                  [vsyscall]

VM Arguments:
jvm_args: -Dfile.encoding=UTF-8 -XX:+TieredCompilation -XX:TieredStopAtLevel=1 -XX:-OmitStackTraceInFastThrow -Dclojure.compile.path=null -D.version=null -Dclojure.debug=false 
java_command: clojure.main -i /tmp/form-init8117030366147128084.clj
Launcher Type: SUN_STANDARD

Environment Variables:
JAVA_HOME=/usr/lib/jvm/java-default-runtime
CLASSPATH=/home/kris/.lein/self-installs/leiningen-2.5.0-standalone.jar
PATH=/home/kris/.gem/ruby/2.1.0/bin:/usr/local/sbin:/usr/local/bin:/usr/bin:/usr/bin/core_perl:/home/kris/bin
SHELL=/bin/bash
DISPLAY=:0.0

Signal Handlers:
SIGSEGV: [libjvm.so+0x97c3b0], sa_mask[0]=0x7ffbfeff, sa_flags=0x10000004
SIGBUS: [libjvm.so+0x97c3b0], sa_mask[0]=0x7ffbfeff, sa_flags=0x10000004
SIGFPE: [libjvm.so+0x7eab30], sa_mask[0]=0x7ffbfeff, sa_flags=0x10000004
SIGPIPE: [libjvm.so+0x7eab30], sa_mask[0]=0x7ffbfeff, sa_flags=0x10000004
SIGXFSZ: [libjvm.so+0x7eab30], sa_mask[0]=0x7ffbfeff, sa_flags=0x10000004
SIGILL: [libjvm.so+0x7eab30], sa_mask[0]=0x7ffbfeff, sa_flags=0x10000004
SIGUSR1: SIG_DFL, sa_mask[0]=0x00000000, sa_flags=0x00000000
SIGUSR2: [libjvm.so+0x7ea9b0], sa_mask[0]=0x00000004, sa_flags=0x10000004
SIGHUP: [libjvm.so+0x7eabb0], sa_mask[0]=0x7ffbfeff, sa_flags=0x10000004
SIGINT: [libjvm.so+0x7eabb0], sa_mask[0]=0x7ffbfeff, sa_flags=0x10000004
SIGTERM: [libjvm.so+0x7eabb0], sa_mask[0]=0x7ffbfeff, sa_flags=0x10000004
SIGQUIT: [libjvm.so+0x7eabb0], sa_mask[0]=0x7ffbfeff, sa_flags=0x10000004
SIGTRAP: SIG_DFL, sa_mask[0]=0x00000000, sa_flags=0x00000000


---------------  S Y S T E M  ---------------

OS:Linux
uname:Linux 3.16.1-1-ARCH #1 SMP PREEMPT Thu Aug 14 07:40:19 CEST 2014 x86_64
libc:glibc 2.19 NPTL 2.19 
rlimit: STACK 8192k, CORE 0k, NPROC 12116, NOFILE 4096, AS infinity
load average:0.83 1.27 1.16

/proc/meminfo:
MemTotal:        3107360 kB
MemFree:          109424 kB
MemAvailable:      73960 kB
Buffers:             468 kB
Cached:           123996 kB
SwapCached:            0 kB
Active:          2755820 kB
Inactive:          80436 kB
Active(anon):    2715500 kB
Inactive(anon):    40492 kB
Active(file):      40320 kB
Inactive(file):    39944 kB
Unevictable:           0 kB
Mlocked:               0 kB
SwapTotal:             0 kB
SwapFree:              0 kB
Dirty:                 0 kB
Writeback:             0 kB
AnonPages:       2711708 kB
Mapped:           117952 kB
Shmem:             44284 kB
Slab:              39976 kB
SReclaimable:      17744 kB
SUnreclaim:        22232 kB
KernelStack:        6208 kB
PageTables:        31252 kB
NFS_Unstable:          0 kB
Bounce:                0 kB
WritebackTmp:          0 kB
CommitLimit:     1553680 kB
Committed_AS:    5369860 kB
VmallocTotal:   34359738367 kB
VmallocUsed:      103280 kB
VmallocChunk:   34359595560 kB
HardwareCorrupted:     0 kB
AnonHugePages:   1275904 kB
HugePages_Total:       0
HugePages_Free:        0
HugePages_Rsvd:        0
HugePages_Surp:        0
Hugepagesize:       2048 kB
DirectMap4k:      101520 kB
DirectMap2M:     3201024 kB
DirectMap1G:           0 kB


CPU:total 2 (2 cores per cpu, 1 threads per core) family 21 model 19 stepping 1, cmov, cx8, fxsr, mmx, sse, sse2, sse3, ssse3, sse4.1, sse4.2, popcnt, avx, aes, mmxext, 3dnowpref, lzcnt, sse4a, tsc, tscinvbit, tscinv

/proc/cpuinfo:
processor	: 0
vendor_id	: AuthenticAMD
cpu family	: 21
model		: 19
model name	: AMD A6-5350M APU with Radeon(tm) HD Graphics
stepping	: 1
microcode	: 0x6001119
cpu MHz		: 1400.000
cache size	: 1024 KB
physical id	: 0
siblings	: 2
core id		: 0
cpu cores	: 1
apicid		: 16
initial apicid	: 0
fpu		: yes
fpu_exception	: yes
cpuid level	: 13
wp		: yes
flags		: fpu vme de pse tsc msr pae mce cx8 apic sep mtrr pge mca cmov pat pse36 clflush mmx fxsr sse sse2 ht syscall nx mmxext fxsr_opt pdpe1gb rdtscp lm constant_tsc rep_good nopl nonstop_tsc extd_apicid aperfmperf pni pclmulqdq monitor ssse3 fma cx16 sse4_1 sse4_2 popcnt aes xsave avx f16c lahf_lm cmp_legacy svm extapic cr8_legacy abm sse4a misalignsse 3dnowprefetch osvw ibs xop skinit wdt lwp fma4 tce nodeid_msr tbm topoext perfctr_core perfctr_nb arat cpb hw_pstate npt lbrv svm_lock nrip_save tsc_scale vmcb_clean flushbyasid decodeassists pausefilter pfthreshold bmi1
bogomips	: 5791.43
TLB size	: 1536 4K pages
clflush size	: 64
cache_alignment	: 64
address sizes	: 48 bits physical, 48 bits virtual
power management: ts ttp tm 100mhzsteps hwpstate cpb eff_freq_ro

processor	: 1
vendor_id	: AuthenticAMD
cpu family	: 21
model		: 19
model name	: AMD A6-5350M APU with Radeon(tm) HD Graphics   
stepping	: 1
microcode	: 0x6001119
cpu MHz		: 1400.000
cache size	: 1024 KB
physical id	: 0
siblings	: 2
core id		: 1
cpu cores	: 1
apicid		: 17
initial apicid	: 1
fpu		: yes
fpu_exception	: yes
cpuid level	: 13
wp		: yes
flags		: fpu vme de pse tsc msr pae mce cx8 apic sep mtrr pge mca cmov pat pse36 clflush mmx fxsr sse sse2 ht syscall nx mmxext fxsr_opt pdpe1gb rdtscp lm constant_tsc rep_good nopl nonstop_tsc extd_apicid aperfmperf pni pclmulqdq monitor ssse3 fma cx16 sse4_1 sse4_2 popcnt aes xsave avx f16c lahf_lm cmp_legacy svm extapic cr8_legacy abm sse4a misalignsse 3dnowprefetch osvw ibs xop skinit wdt lwp fma4 tce nodeid_msr tbm topoext perfctr_core perfctr_nb arat cpb hw_pstate npt lbrv svm_lock nrip_save tsc_scale vmcb_clean flushbyasid decodeassists pausefilter pfthreshold bmi1
bogomips	: 5791.43
TLB size	: 1536 4K pages
clflush size	: 64
cache_alignment	: 64
address sizes	: 48 bits physical, 48 bits virtual
power management: ts ttp tm 100mhzsteps hwpstate cpb eff_freq_ro



Memory: 4k page, physical 3107360k(109424k free), swap 0k(0k free)

vm_info: OpenJDK 64-Bit Server VM (24.65-b04) for linux-amd64 JRE (1.7.0_65-b32), built on Aug 16 2014 09:21:13 by "nobody" with gcc 4.9.1

time: Sat Sep 27 15:50:11 2014
elapsed time: 5 seconds

