#
# There is insufficient memory for the Java Runtime Environment to continue.
# Native memory allocation (malloc) failed to allocate 100663296 bytes for committing reserved memory.
# Possible reasons:
#   The system is out of physical RAM or swap space
#   In 32 bit mode, the process size limit was hit
# Possible solutions:
#   Reduce memory load on the system
#   Increase physical memory or swap space
#   Check if swap backing store is full
#   Use 64 bit Java on a 64 bit OS
#   Decrease Java heap size (-Xmx/-Xms)
#   Decrease number of Java threads
#   Decrease Java thread stack sizes (-Xss)
#   Set larger code cache with -XX:ReservedCodeCacheSize=
# This output file may be truncated or incomplete.
#
#  Out of Memory Error (os_linux.cpp:2798), pid=17894, tid=140340889990912
#
# JRE version: OpenJDK Runtime Environment (7.0_65-b32) (build 1.7.0_65-b32)
# Java VM: OpenJDK 64-Bit Server VM (24.65-b04 mixed mode linux-amd64 compressed oops)
# Failed to write core dump. Core dumps have been disabled. To enable core dumping, try "ulimit -c unlimited" before starting Java again
#

---------------  T H R E A D  ---------------

Current thread (0x00007fa3a4070800):  VMThread [stack: 0x00007fa3a8d53000,0x00007fa3a8e54000] [id=17903]

Stack: [0x00007fa3a8d53000,0x00007fa3a8e54000],  sp=0x00007fa3a8e524e0,  free space=1021k
Native frames: (J=compiled Java code, j=interpreted, Vv=VM code, C=native code)
V  [libjvm.so+0x97b8c6]
V  [libjvm.so+0x48c2b2]
V  [libjvm.so+0x7ef57b]
V  [libjvm.so+0x7e9cfe]
V  [libjvm.so+0x85ba7b]
V  [libjvm.so+0x85c933]
V  [libjvm.so+0x85d04b]
V  [libjvm.so+0x858a59]
V  [libjvm.so+0x859238]
V  [libjvm.so+0x811103]
V  [libjvm.so+0x97d192]
V  [libjvm.so+0x981a07]
V  [libjvm.so+0x97fffb]
V  [libjvm.so+0x9806a6]
V  [libjvm.so+0x980b71]
V  [libjvm.so+0x7ec282]

VM_Operation (0x00007fa3ad127e20): ParallelGCFailedAllocation, mode: safepoint, requested by thread 0x00007fa3a4009800


---------------  P R O C E S S  ---------------

Java Threads: ( => current thread )
  0x00007fa3a40ab000 JavaThread "Service Thread" daemon [_thread_blocked, id=17909, stack(0x00007fa3a85c4000,0x00007fa3a86c5000)]
  0x00007fa3a40a8800 JavaThread "C1 CompilerThread1" daemon [_thread_blocked, id=17908, stack(0x00007fa3a86c5000,0x00007fa3a87c6000)]
  0x00007fa3a40a5800 JavaThread "C2 CompilerThread0" daemon [_thread_blocked, id=17907, stack(0x00007fa3a87c6000,0x00007fa3a88c7000)]
  0x00007fa3a40a3800 JavaThread "Signal Dispatcher" daemon [_thread_blocked, id=17906, stack(0x00007fa3a88c7000,0x00007fa3a89c8000)]
  0x00007fa3a4077000 JavaThread "Finalizer" daemon [_thread_blocked, id=17905, stack(0x00007fa3a8b51000,0x00007fa3a8c52000)]
  0x00007fa3a4075000 JavaThread "Reference Handler" daemon [_thread_blocked, id=17904, stack(0x00007fa3a8c52000,0x00007fa3a8d53000)]
  0x00007fa3a4009800 JavaThread "main" [_thread_blocked, id=17898, stack(0x00007fa3ad036000,0x00007fa3ad137000)]

Other Threads:
=>0x00007fa3a4070800 VMThread [stack: 0x00007fa3a8d53000,0x00007fa3a8e54000] [id=17903]
  0x00007fa3a40b6000 WatcherThread [stack: 0x00007fa3a84c3000,0x00007fa3a85c4000] [id=17910]

VM state:at safepoint (normal execution)

VM Mutex/Monitor currently owned by a thread:  ([mutex/lock_event])
[0x00007fa3a40073c0] Threads_lock - owner thread: 0x00007fa3a4070800
[0x00007fa3a40078c0] Heap_lock - owner thread: 0x00007fa3a4009800

Heap
 PSYoungGen      total 103936K, used 2160K [0x00000000f0280000, 0x00000000f6d80000, 0x0000000100000000)
  eden space 98304K, 0% used [0x00000000f0280000,0x00000000f0280000,0x00000000f6280000)
  from space 5632K, 38% used [0x00000000f6280000,0x00000000f649c300,0x00000000f6800000)
  to   space 5632K, 0% used [0x00000000f6800000,0x00000000f6800000,0x00000000f6d80000)
 ParOldGen       total 32256K, used 9081K [0x00000000d0800000, 0x00000000d2780000, 0x00000000f0280000)
  object space 32256K, 28% used [0x00000000d0800000,0x00000000d10de760,0x00000000d2780000)
 PSPermGen       total 21504K, used 15684K [0x00000000c6200000, 0x00000000c7700000, 0x00000000d0800000)
  object space 21504K, 72% used [0x00000000c6200000,0x00000000c7151300,0x00000000c7700000)

Card table byte_map: [0x00007fa3a9f00000,0x00007fa3aa0d0000] byte_map_base: 0x00007fa3a98cf000

Polling page: 0x00007fa3ad035000

Code Cache  [0x00007fa39e000000, 0x00007fa39e420000, 0x00007fa3a4000000)
 total_blobs=1923 nmethods=1643 adapters=215 free_code_cache=94082Kb largest_free_block=96340224

Compilation events (10 events):
Event: 7.271 Thread 0x00007fa3a40a8800 1646       1       clojure.core$defn::getRequiredArity (2 bytes)
Event: 7.271 Thread 0x00007fa3a40a8800 nmethod 1646 0x00007fa39e419c50 code [0x00007fa39e419da0, 0x00007fa39e419ef0]
Event: 7.271 Thread 0x00007fa3a40a8800 1647       1       clojure.core$defn::doInvoke (998 bytes)
Event: 7.276 Thread 0x00007fa3a40a8800 nmethod 1647 0x00007fa39e419f50 code [0x00007fa39e41a560, 0x00007fa39e41c748]
Event: 7.276 Thread 0x00007fa3a40a8800 1648       1       clojure.core$assert_valid_fdecl$fn__6546::<init> (5 bytes)
Event: 7.276 Thread 0x00007fa3a40a8800 nmethod 1648 0x00007fa39e41edd0 code [0x00007fa39e41ef20, 0x00007fa39e41f050]
Event: 7.300 Thread 0x00007fa3a40a8800 1649       1       java.net.URL::openConnection (9 bytes)
Event: 7.301 Thread 0x00007fa3a40a8800 nmethod 1649 0x00007fa39e41f090 code [0x00007fa39e41f200, 0x00007fa39e41f368]
Event: 7.301 Thread 0x00007fa3a40a8800 1650       1       java.net.URLConnection::<init> (44 bytes)
Event: 7.301 Thread 0x00007fa3a40a8800 nmethod 1650 0x00007fa39e41f3d0 code [0x00007fa39e41f520, 0x00007fa39e41f6b0]

GC Heap History (10 events):
Event: 1.407 GC heap after
Heap after GC invocations=2 (full 0):
 PSYoungGen      total 26624K, used 2016K [0x00000000f0280000, 0x00000000f1e80000, 0x0000000100000000)
  eden space 24576K, 0% used [0x00000000f0280000,0x00000000f0280000,0x00000000f1a80000)
  from space 2048K, 98% used [0x00000000f1c80000,0x00000000f1e78020,0x00000000f1e80000)
  to   space 2048K, 0% used [0x00000000f1a80000,0x00000000f1a80000,0x00000000f1c80000)
 ParOldGen       total 32256K, used 2543K [0x00000000d0800000, 0x00000000d2780000, 0x00000000f0280000)
  object space 32256K, 7% used [0x00000000d0800000,0x00000000d0a7bf98,0x00000000d2780000)
 PSPermGen       total 21504K, used 8861K [0x00000000c6200000, 0x00000000c7700000, 0x00000000d0800000)
  object space 21504K, 41% used [0x00000000c6200000,0x00000000c6aa7618,0x00000000c7700000)
}
Event: 2.127 GC heap before
{Heap before GC invocations=3 (full 0):
 PSYoungGen      total 26624K, used 26592K [0x00000000f0280000, 0x00000000f1e80000, 0x0000000100000000)
  eden space 24576K, 100% used [0x00000000f0280000,0x00000000f1a80000,0x00000000f1a80000)
  from space 2048K, 98% used [0x00000000f1c80000,0x00000000f1e78020,0x00000000f1e80000)
  to   space 2048K, 0% used [0x00000000f1a80000,0x00000000f1a80000,0x00000000f1c80000)
 ParOldGen       total 32256K, used 2543K [0x00000000d0800000, 0x00000000d2780000, 0x00000000f0280000)
  object space 32256K, 7% used [0x00000000d0800000,0x00000000d0a7bf98,0x00000000d2780000)
 PSPermGen       total 21504K, used 12139K [0x00000000c6200000, 0x00000000c7700000, 0x00000000d0800000)
  object space 21504K, 56% used [0x00000000c6200000,0x00000000c6ddad70,0x00000000c7700000)
Event: 2.152 GC heap after
Heap after GC invocations=3 (full 0):
 PSYoungGen      total 26624K, used 2048K [0x00000000f0280000, 0x00000000f3680000, 0x0000000100000000)
  eden space 24576K, 0% used [0x00000000f0280000,0x00000000f0280000,0x00000000f1a80000)
  from space 2048K, 100% used [0x00000000f1a80000,0x00000000f1c80000,0x00000000f1c80000)
  to   space 2048K, 0% used [0x00000000f3480000,0x00000000f3480000,0x00000000f3680000)
 ParOldGen       total 32256K, used 5892K [0x00000000d0800000, 0x00000000d2780000, 0x00000000f0280000)
  object space 32256K, 18% used [0x00000000d0800000,0x00000000d0dc1128,0x00000000d2780000)
 PSPermGen       total 21504K, used 12139K [0x00000000c6200000, 0x00000000c7700000, 0x00000000d0800000)
  object space 21504K, 56% used [0x00000000c6200000,0x00000000c6ddad70,0x00000000c7700000)
}
Event: 2.704 GC heap before
{Heap before GC invocations=4 (full 0):
 PSYoungGen      total 26624K, used 26624K [0x00000000f0280000, 0x00000000f3680000, 0x0000000100000000)
  eden space 24576K, 100% used [0x00000000f0280000,0x00000000f1a80000,0x00000000f1a80000)
  from space 2048K, 100% used [0x00000000f1a80000,0x00000000f1c80000,0x00000000f1c80000)
  to   space 2048K, 0% used [0x00000000f3480000,0x00000000f3480000,0x00000000f3680000)
 ParOldGen       total 32256K, used 5892K [0x00000000d0800000, 0x00000000d2780000, 0x00000000f0280000)
  object space 32256K, 18% used [0x00000000d0800000,0x00000000d0dc1128,0x00000000d2780000)
 PSPermGen       total 21504K, used 12749K [0x00000000c6200000, 0x00000000c7700000, 0x00000000d0800000)
  object space 21504K, 59% used [0x00000000c6200000,0x00000000c6e736e0,0x00000000c7700000)
Event: 2.748 GC heap after
Heap after GC invocations=4 (full 0):
 PSYoungGen      total 51200K, used 2016K [0x00000000f0280000, 0x00000000f3680000, 0x0000000100000000)
  eden space 49152K, 0% used [0x00000000f0280000,0x00000000f0280000,0x00000000f3280000)
  from space 2048K, 98% used [0x00000000f3480000,0x00000000f3678020,0x00000000f3680000)
  to   space 2048K, 0% used [0x00000000f3280000,0x00000000f3280000,0x00000000f3480000)
 ParOldGen       total 32256K, used 7102K [0x00000000d0800000, 0x00000000d2780000, 0x00000000f0280000)
  object space 32256K, 22% used [0x00000000d0800000,0x00000000d0eef9e8,0x00000000d2780000)
 PSPermGen       total 21504K, used 12749K [0x00000000c6200000, 0x00000000c7700000, 0x00000000d0800000)
  object space 21504K, 59% used [0x00000000c6200000,0x00000000c6e736e0,0x00000000c7700000)
}
Event: 3.603 GC heap before
{Heap before GC invocations=5 (full 0):
 PSYoungGen      total 51200K, used 51168K [0x00000000f0280000, 0x00000000f3680000, 0x0000000100000000)
  eden space 49152K, 100% used [0x00000000f0280000,0x00000000f3280000,0x00000000f3280000)
  from space 2048K, 98% used [0x00000000f3480000,0x00000000f3678020,0x00000000f3680000)
  to   space 2048K, 0% used [0x00000000f3280000,0x00000000f3280000,0x00000000f3480000)
 ParOldGen       total 32256K, used 7102K [0x00000000d0800000, 0x00000000d2780000, 0x00000000f0280000)
  object space 32256K, 22% used [0x00000000d0800000,0x00000000d0eef9e8,0x00000000d2780000)
 PSPermGen       total 21504K, used 13743K [0x00000000c6200000, 0x00000000c7700000, 0x00000000d0800000)
  object space 21504K, 63% used [0x00000000c6200000,0x00000000c6f6bcf8,0x00000000c7700000)
Event: 3.661 GC heap after
Heap after GC invocations=5 (full 0):
 PSYoungGen      total 51200K, used 2032K [0x00000000f0280000, 0x00000000f6d80000, 0x0000000100000000)
  eden space 49152K, 0% used [0x00000000f0280000,0x00000000f0280000,0x00000000f3280000)
  from space 2048K, 99% used [0x00000000f3280000,0x00000000f347c030,0x00000000f3480000)
  to   space 5632K, 0% used [0x00000000f6800000,0x00000000f6800000,0x00000000f6d80000)
 ParOldGen       total 32256K, used 7918K [0x00000000d0800000, 0x00000000d2780000, 0x00000000f0280000)
  object space 32256K, 24% used [0x00000000d0800000,0x00000000d0fbb900,0x00000000d2780000)
 PSPermGen       total 21504K, used 13743K [0x00000000c6200000, 0x00000000c7700000, 0x00000000d0800000)
  object space 21504K, 63% used [0x00000000c6200000,0x00000000c6f6bcf8,0x00000000c7700000)
}
Event: 5.747 GC heap before
{Heap before GC invocations=6 (full 0):
 PSYoungGen      total 51200K, used 51184K [0x00000000f0280000, 0x00000000f6d80000, 0x0000000100000000)
  eden space 49152K, 100% used [0x00000000f0280000,0x00000000f3280000,0x00000000f3280000)
  from space 2048K, 99% used [0x00000000f3280000,0x00000000f347c030,0x00000000f3480000)
  to   space 5632K, 0% used [0x00000000f6800000,0x00000000f6800000,0x00000000f6d80000)
 ParOldGen       total 32256K, used 7918K [0x00000000d0800000, 0x00000000d2780000, 0x00000000f0280000)
  object space 32256K, 24% used [0x00000000d0800000,0x00000000d0fbb900,0x00000000d2780000)
 PSPermGen       total 21504K, used 14740K [0x00000000c6200000, 0x00000000c7700000, 0x00000000d0800000)
  object space 21504K, 68% used [0x00000000c6200000,0x00000000c70653d8,0x00000000c7700000)
Event: 5.772 GC heap after
Heap after GC invocations=6 (full 0):
 PSYoungGen      total 103936K, used 3040K [0x00000000f0280000, 0x00000000f6d80000, 0x0000000100000000)
  eden space 98304K, 0% used [0x00000000f0280000,0x00000000f0280000,0x00000000f6280000)
  from space 5632K, 53% used [0x00000000f6800000,0x00000000f6af8020,0x00000000f6d80000)
  to   space 5632K, 0% used [0x00000000f6280000,0x00000000f6280000,0x00000000f6800000)
 ParOldGen       total 32256K, used 7918K [0x00000000d0800000, 0x00000000d2780000, 0x00000000f0280000)
  object space 32256K, 24% used [0x00000000d0800000,0x00000000d0fbb900,0x00000000d2780000)
 PSPermGen       total 21504K, used 14740K [0x00000000c6200000, 0x00000000c7700000, 0x00000000d0800000)
  object space 21504K, 68% used [0x00000000c6200000,0x00000000c70653d8,0x00000000c7700000)
}
Event: 7.356 GC heap before
{Heap before GC invocations=7 (full 0):
 PSYoungGen      total 103936K, used 101344K [0x00000000f0280000, 0x00000000f6d80000, 0x0000000100000000)
  eden space 98304K, 100% used [0x00000000f0280000,0x00000000f6280000,0x00000000f6280000)
  from space 5632K, 53% used [0x00000000f6800000,0x00000000f6af8020,0x00000000f6d80000)
  to   space 5632K, 0% used [0x00000000f6280000,0x00000000f6280000,0x00000000f6800000)
 ParOldGen       total 32256K, used 7918K [0x00000000d0800000, 0x00000000d2780000, 0x00000000f0280000)
  object space 32256K, 24% used [0x00000000d0800000,0x00000000d0fbb900,0x00000000d2780000)
 PSPermGen       total 21504K, used 15684K [0x00000000c6200000, 0x00000000c7700000, 0x00000000d0800000)
  object space 21504K, 72% used [0x00000000c6200000,0x00000000c7151300,0x00000000c7700000)

Deoptimization events (0 events):
No events

Internal exceptions (10 events):
Event: 7.298 Thread 0x00007fa3a4009800 Threw 0x00000000f61d26a0 at /build/java7-openjdk/src/icedtea-2.5.1/openjdk/hotspot/src/share/vm/prims/jvm.cpp:1247
Event: 7.301 Thread 0x00007fa3a4009800 Threw 0x00000000f61fead8 at /build/java7-openjdk/src/icedtea-2.5.1/openjdk/hotspot/src/share/vm/prims/jvm.cpp:1247
Event: 7.341 Thread 0x00007fa3a4009800 Threw 0x00000000f62787e8 at /build/java7-openjdk/src/icedtea-2.5.1/openjdk/hotspot/src/share/vm/prims/jvm.cpp:1247
Event: 7.341 Thread 0x00007fa3a4009800 Threw 0x00000000f627b2e0 at /build/java7-openjdk/src/icedtea-2.5.1/openjdk/hotspot/src/share/vm/prims/jvm.cpp:1247
Event: 7.341 Thread 0x00007fa3a4009800 Threw 0x00000000f627be28 at /build/java7-openjdk/src/icedtea-2.5.1/openjdk/hotspot/src/share/vm/prims/jvm.cpp:1247
Event: 7.341 Thread 0x00007fa3a4009800 Threw 0x00000000f627c970 at /build/java7-openjdk/src/icedtea-2.5.1/openjdk/hotspot/src/share/vm/prims/jvm.cpp:1247
Event: 7.341 Thread 0x00007fa3a4009800 Threw 0x00000000f627d4b8 at /build/java7-openjdk/src/icedtea-2.5.1/openjdk/hotspot/src/share/vm/prims/jvm.cpp:1247
Event: 7.341 Thread 0x00007fa3a4009800 Threw 0x00000000f627e000 at /build/java7-openjdk/src/icedtea-2.5.1/openjdk/hotspot/src/share/vm/prims/jvm.cpp:1247
Event: 7.341 Thread 0x00007fa3a4009800 Threw 0x00000000f627eb48 at /build/java7-openjdk/src/icedtea-2.5.1/openjdk/hotspot/src/share/vm/prims/jvm.cpp:1247
Event: 7.341 Thread 0x00007fa3a4009800 Threw 0x00000000f627f690 at /build/java7-openjdk/src/icedtea-2.5.1/openjdk/hotspot/src/share/vm/prims/jvm.cpp:1247

Events (10 events):
Event: 7.277 loading class 0x00007fa3a4fad730 done
Event: 7.283 loading class 0x00007fa3a41c71b0
Event: 7.283 loading class 0x00007fa3a41c71b0 done
Event: 7.297 loading class 0x00007fa3a4b5f360
Event: 7.297 loading class 0x00007fa3a4b5f360 done
Event: 7.301 loading class 0x00007fa3a4f6c330
Event: 7.301 loading class 0x00007fa3a4f6c330 done
Event: 7.341 loading class 0x00007fa3a41cce00
Event: 7.341 loading class 0x00007fa3a41cce00 done
Event: 7.341 Executing VM operation: ParallelGCFailedAllocation


Dynamic libraries:
00400000-00401000 r-xp 00000000 08:03 533786                             /usr/lib/jvm/java-7-openjdk/jre/bin/java
00600000-00601000 rw-p 00000000 08:03 533786                             /usr/lib/jvm/java-7-openjdk/jre/bin/java
0175d000-0177e000 rw-p 00000000 00:00 0                                  [heap]
c6200000-c7700000 rw-p 00000000 00:00 0 
c7700000-d0800000 rw-p 00000000 00:00 0 
d0800000-d2780000 rw-p 00000000 00:00 0 
d2780000-f0280000 rw-p 00000000 00:00 0 
f0280000-f6d80000 rw-p 00000000 00:00 0 
fcd80000-100000000 rw-p 00000000 00:00 0 
7fa370000000-7fa370021000 rw-p 00000000 00:00 0 
7fa370021000-7fa374000000 ---p 00000000 00:00 0 
7fa376e98000-7fa376eac000 r-xp 00000000 08:03 396487                     /usr/lib/libresolv-2.19.so
7fa376eac000-7fa3770ab000 ---p 00014000 08:03 396487                     /usr/lib/libresolv-2.19.so
7fa3770ab000-7fa3770ac000 r--p 00013000 08:03 396487                     /usr/lib/libresolv-2.19.so
7fa3770ac000-7fa3770ad000 rw-p 00014000 08:03 396487                     /usr/lib/libresolv-2.19.so
7fa3770ad000-7fa3770af000 rw-p 00000000 00:00 0 
7fa3770b0000-7fa377119000 r-xp 00000000 08:03 404070                     /usr/lib/libpcre.so.1.2.3
7fa377119000-7fa377318000 ---p 00069000 08:03 404070                     /usr/lib/libpcre.so.1.2.3
7fa377318000-7fa377319000 r--p 00068000 08:03 404070                     /usr/lib/libpcre.so.1.2.3
7fa377319000-7fa37731a000 rw-p 00069000 08:03 404070                     /usr/lib/libpcre.so.1.2.3
7fa377320000-7fa377323000 r-xp 00000000 08:03 404278                     /usr/lib/libgmodule-2.0.so.0.4000.0
7fa377323000-7fa377522000 ---p 00003000 08:03 404278                     /usr/lib/libgmodule-2.0.so.0.4000.0
7fa377522000-7fa377523000 r--p 00002000 08:03 404278                     /usr/lib/libgmodule-2.0.so.0.4000.0
7fa377523000-7fa377524000 rw-p 00003000 08:03 404278                     /usr/lib/libgmodule-2.0.so.0.4000.0
7fa377528000-7fa37752f000 r-xp 00000000 08:03 404199                     /usr/lib/libffi.so.6.0.2
7fa37752f000-7fa37772e000 ---p 00007000 08:03 404199                     /usr/lib/libffi.so.6.0.2
7fa37772e000-7fa37772f000 r--p 00006000 08:03 404199                     /usr/lib/libffi.so.6.0.2
7fa37772f000-7fa377730000 rw-p 00007000 08:03 404199                     /usr/lib/libffi.so.6.0.2
7fa377730000-7fa377835000 r-xp 00000000 08:03 404277                     /usr/lib/libglib-2.0.so.0.4000.0
7fa377835000-7fa377a35000 ---p 00105000 08:03 404277                     /usr/lib/libglib-2.0.so.0.4000.0
7fa377a35000-7fa377a36000 r--p 00105000 08:03 404277                     /usr/lib/libglib-2.0.so.0.4000.0
7fa377a36000-7fa377a37000 rw-p 00106000 08:03 404277                     /usr/lib/libglib-2.0.so.0.4000.0
7fa377a37000-7fa377a38000 rw-p 00000000 00:00 0 
7fa377a38000-7fa377a86000 r-xp 00000000 08:03 404280                     /usr/lib/libgobject-2.0.so.0.4000.0
7fa377a86000-7fa377c86000 ---p 0004e000 08:03 404280                     /usr/lib/libgobject-2.0.so.0.4000.0
7fa377c86000-7fa377c87000 r--p 0004e000 08:03 404280                     /usr/lib/libgobject-2.0.so.0.4000.0
7fa377c87000-7fa377c88000 rw-p 0004f000 08:03 404280                     /usr/lib/libgobject-2.0.so.0.4000.0
7fa377c88000-7fa377df1000 r-xp 00000000 08:03 404281                     /usr/lib/libgio-2.0.so.0.4000.0
7fa377df1000-7fa377ff1000 ---p 00169000 08:03 404281                     /usr/lib/libgio-2.0.so.0.4000.0
7fa377ff1000-7fa377ff5000 r--p 00169000 08:03 404281                     /usr/lib/libgio-2.0.so.0.4000.0
7fa377ff5000-7fa377ff7000 rw-p 0016d000 08:03 404281                     /usr/lib/libgio-2.0.so.0.4000.0
7fa377ff7000-7fa377ff9000 rw-p 00000000 00:00 0 
7fa378000000-7fa3782b9000 rw-p 00000000 00:00 0 
7fa3782b9000-7fa37c000000 ---p 00000000 00:00 0 
7fa37c000000-7fa37c021000 rw-p 00000000 00:00 0 
7fa37c021000-7fa380000000 ---p 00000000 00:00 0 
7fa380000000-7fa380021000 rw-p 00000000 00:00 0 
7fa380021000-7fa384000000 ---p 00000000 00:00 0 
7fa384000000-7fa384021000 rw-p 00000000 00:00 0 
7fa384021000-7fa388000000 ---p 00000000 00:00 0 
7fa388000000-7fa388021000 rw-p 00000000 00:00 0 
7fa388021000-7fa38c000000 ---p 00000000 00:00 0 
7fa38c000000-7fa38c021000 rw-p 00000000 00:00 0 
7fa38c021000-7fa390000000 ---p 00000000 00:00 0 
7fa390000000-7fa390021000 rw-p 00000000 00:00 0 
7fa390021000-7fa394000000 ---p 00000000 00:00 0 
7fa394000000-7fa394021000 rw-p 00000000 00:00 0 
7fa394021000-7fa398000000 ---p 00000000 00:00 0 
7fa398000000-7fa398021000 rw-p 00000000 00:00 0 
7fa398021000-7fa39c000000 ---p 00000000 00:00 0 
7fa39c0f8000-7fa39c10e000 r-xp 00000000 08:03 661356                     /usr/lib/jvm/java-7-openjdk/jre/lib/amd64/libnet.so
7fa39c10e000-7fa39c30e000 ---p 00016000 08:03 661356                     /usr/lib/jvm/java-7-openjdk/jre/lib/amd64/libnet.so
7fa39c30e000-7fa39c30f000 rw-p 00016000 08:03 661356                     /usr/lib/jvm/java-7-openjdk/jre/lib/amd64/libnet.so
7fa39c310000-7fa39e000000 rw-p 00000000 00:00 0 
7fa39e000000-7fa39e420000 rwxp 00000000 00:00 0 
7fa39e420000-7fa3a510c000 rw-p 00000000 00:00 0 
7fa3a510c000-7fa3a8000000 ---p 00000000 00:00 0 
7fa3a816b000-7fa3a8173000 r--s 0007b000 08:03 1573461                    /home/kris/.m2/repository/com/google/protobuf/protobuf-java/2.5.0/protobuf-java-2.5.0.jar
7fa3a817a000-7fa3a81a7000 r--s 0028a000 08:03 1573460                    /home/kris/.m2/repository/com/google/javascript/closure-compiler/v20140625/closure-compiler-v20140625.jar
7fa3a81a9000-7fa3a81aa000 r--s 00001000 08:03 1573473                    /home/kris/.m2/repository/org/clojure/data.json/0.2.3/data.json-0.2.3.jar
7fa3a81b0000-7fa3a81c0000 r-xp 00000000 08:03 661357                     /usr/lib/jvm/java-7-openjdk/jre/lib/amd64/libnio.so
7fa3a81c0000-7fa3a83c0000 ---p 00010000 08:03 661357                     /usr/lib/jvm/java-7-openjdk/jre/lib/amd64/libnio.so
7fa3a83c0000-7fa3a83c1000 rw-p 00010000 08:03 661357                     /usr/lib/jvm/java-7-openjdk/jre/lib/amd64/libnio.so
7fa3a83c8000-7fa3a8407000 r--s 00340000 08:03 1573135                    /home/kris/.m2/repository/org/clojure/clojure/1.6.0/clojure-1.6.0.jar
7fa3a8409000-7fa3a840a000 r--s 00001000 08:03 1573198                    /home/kris/.m2/repository/fs/fs/1.1.2/fs-1.1.2.jar
7fa3a8410000-7fa3a8412000 r--s 00008000 08:03 2113623                    /home/kris/.m2/repository/org/clojure/tools.nrepl/0.2.6/tools.nrepl-0.2.6.jar
7fa3a8418000-7fa3a8445000 r--s 004c0000 08:03 1573469                    /home/kris/.m2/repository/org/clojure/google-closure-library/0.0-20140718-946a7d39/google-closure-library-0.0-20140718-946a7d39.jar
7fa3a8446000-7fa3a8449000 r--s 00006000 08:03 1573468                    /home/kris/.m2/repository/com/google/code/findbugs/jsr305/1.3.9/jsr305-1.3.9.jar
7fa3a8449000-7fa3a844c000 r--s 00019000 08:03 1573454                    /home/kris/.m2/repository/cljsbuild/cljsbuild/1.0.4-SNAPSHOT/cljsbuild-1.0.4-SNAPSHOT.jar
7fa3a844c000-7fa3a844d000 r--s 0001c000 08:03 1573463                    /home/kris/.m2/repository/com/google/javascript/closure-compiler-externs/v20140625/closure-compiler-externs-v20140625.jar
7fa3a8452000-7fa3a8457000 r--s 00032000 08:03 1573194                    /home/kris/.m2/repository/org/apache/commons/commons-compress/1.3/commons-compress-1.3.jar
7fa3a845a000-7fa3a845c000 r--s 0000a000 08:03 1573465                    /home/kris/.m2/repository/org/json/json/20090211/json-20090211.jar
7fa3a8461000-7fa3a846e000 r--s 00109000 08:03 1573476                    /home/kris/.m2/repository/org/mozilla/rhino/1.7R4/rhino-1.7R4.jar
7fa3a8470000-7fa3a8473000 r--s 00010000 08:03 1573455                    /home/kris/.m2/repository/args4j/args4j/2.0.26/args4j-2.0.26.jar
7fa3a8479000-7fa3a847a000 r--s 00001000 08:03 1573500                    /home/kris/.m2/repository/clj-stacktrace/clj-stacktrace/0.2.5/clj-stacktrace-0.2.5.jar
7fa3a8481000-7fa3a84ac000 r--s 001f9000 08:03 1573457                    /home/kris/.m2/repository/com/google/guava/guava/17.0/guava-17.0.jar
7fa3a84b1000-7fa3a84b3000 r--s 00011000 08:03 1573471                    /home/kris/.m2/repository/org/clojure/google-closure-library-third-party/0.0-20140718-946a7d39/google-closure-library-third-party-0.0-20140718-946a7d39.jar
7fa3a84b8000-7fa3a84b9000 r--s 00000000 08:03 1573499                    /home/kris/.m2/repository/clojure-complete/clojure-complete/0.2.3/clojure-complete-0.2.3.jar
7fa3a84be000-7fa3a84bf000 r--s 00026000 08:03 1573458                    /home/kris/.m2/repository/org/clojure/clojurescript/0.0-2311/clojurescript-0.0-2311.jar
7fa3a84bf000-7fa3a84c0000 r--s 00007000 08:03 1573477                    /home/kris/.m2/repository/org/clojure/tools.reader/0.8.4/tools.reader-0.8.4.jar
7fa3a84c3000-7fa3a84c4000 ---p 00000000 00:00 0 
7fa3a84c4000-7fa3a85c4000 rw-p 00000000 00:00 0                          [stack:17910]
7fa3a85c4000-7fa3a85c7000 ---p 00000000 00:00 0 
7fa3a85c7000-7fa3a86c5000 rw-p 00000000 00:00 0                          [stack:17909]
7fa3a86c5000-7fa3a86c8000 ---p 00000000 00:00 0 
7fa3a86c8000-7fa3a87c6000 rw-p 00000000 00:00 0                          [stack:17908]
7fa3a87c6000-7fa3a87c9000 ---p 00000000 00:00 0 
7fa3a87c9000-7fa3a88c7000 rw-p 00000000 00:00 0                          [stack:17907]
7fa3a88c7000-7fa3a88ca000 ---p 00000000 00:00 0 
7fa3a88ca000-7fa3a89c8000 rw-p 00000000 00:00 0                          [stack:17906]
7fa3a89c8000-7fa3a8b51000 r--p 00000000 08:03 413189                     /usr/lib/locale/locale-archive
7fa3a8b51000-7fa3a8b54000 ---p 00000000 00:00 0 
7fa3a8b54000-7fa3a8c52000 rw-p 00000000 00:00 0                          [stack:17905]
7fa3a8c52000-7fa3a8c55000 ---p 00000000 00:00 0 
7fa3a8c55000-7fa3a8d53000 rw-p 00000000 00:00 0                          [stack:17904]
7fa3a8d53000-7fa3a8d54000 ---p 00000000 00:00 0 
7fa3a8d54000-7fa3a9809000 rw-p 00000000 00:00 0                          [stack:17903]
7fa3a9809000-7fa3a99ba000 r--s 01d21000 08:03 533769                     /usr/lib/jvm/java-7-openjdk/jre/lib/rt.jar
7fa3a99bb000-7fa3a9c00000 rw-p 00000000 00:00 0 
7fa3a9c00000-7fa3a9c01000 ---p 00000000 00:00 0 
7fa3a9c01000-7fa3a9d01000 rw-p 00000000 00:00 0                          [stack:17902]
7fa3a9d01000-7fa3a9d02000 ---p 00000000 00:00 0 
7fa3a9d02000-7fa3a9e12000 rw-p 00000000 00:00 0                          [stack:17901]
7fa3a9e12000-7fa3a9f00000 rw-p 00000000 00:00 0 
7fa3a9f00000-7fa3a9f0b000 rw-p 00000000 00:00 0 
7fa3a9f0b000-7fa3a9f53000 rw-p 00000000 00:00 0 
7fa3a9f53000-7fa3a9f63000 rw-p 00000000 00:00 0 
7fa3a9f63000-7fa3aa050000 rw-p 00000000 00:00 0 
7fa3aa050000-7fa3aa086000 rw-p 00000000 00:00 0 
7fa3aa086000-7fa3aa0cf000 rw-p 00000000 00:00 0 
7fa3aa0cf000-7fa3aa0e1000 rw-p 00000000 00:00 0 
7fa3aa0e1000-7fa3aa250000 rw-p 00000000 00:00 0 
7fa3aa250000-7fa3aa258000 r-xp 00000000 08:03 661355                     /usr/lib/jvm/java-7-openjdk/jre/lib/amd64/libzip.so
7fa3aa258000-7fa3aa457000 ---p 00008000 08:03 661355                     /usr/lib/jvm/java-7-openjdk/jre/lib/amd64/libzip.so
7fa3aa457000-7fa3aa458000 rw-p 00007000 08:03 661355                     /usr/lib/jvm/java-7-openjdk/jre/lib/amd64/libzip.so
7fa3aa458000-7fa3aa463000 r-xp 00000000 08:03 396521                     /usr/lib/libnss_files-2.19.so
7fa3aa463000-7fa3aa662000 ---p 0000b000 08:03 396521                     /usr/lib/libnss_files-2.19.so
7fa3aa662000-7fa3aa663000 r--p 0000a000 08:03 396521                     /usr/lib/libnss_files-2.19.so
7fa3aa663000-7fa3aa664000 rw-p 0000b000 08:03 396521                     /usr/lib/libnss_files-2.19.so
7fa3aa668000-7fa3aa694000 r-xp 00000000 08:03 661354                     /usr/lib/jvm/java-7-openjdk/jre/lib/amd64/libjava.so
7fa3aa694000-7fa3aa893000 ---p 0002c000 08:03 661354                     /usr/lib/jvm/java-7-openjdk/jre/lib/amd64/libjava.so
7fa3aa893000-7fa3aa895000 rw-p 0002b000 08:03 661354                     /usr/lib/jvm/java-7-openjdk/jre/lib/amd64/libjava.so
7fa3aa898000-7fa3aa8a5000 r-xp 00000000 08:03 661353                     /usr/lib/jvm/java-7-openjdk/jre/lib/amd64/libverify.so
7fa3aa8a5000-7fa3aaaa4000 ---p 0000d000 08:03 661353                     /usr/lib/jvm/java-7-openjdk/jre/lib/amd64/libverify.so
7fa3aaaa4000-7fa3aaaa6000 rw-p 0000c000 08:03 661353                     /usr/lib/jvm/java-7-openjdk/jre/lib/amd64/libverify.so
7fa3aaaa8000-7fa3aaaaf000 r-xp 00000000 08:03 396522                     /usr/lib/librt-2.19.so
7fa3aaaaf000-7fa3aacae000 ---p 00007000 08:03 396522                     /usr/lib/librt-2.19.so
7fa3aacae000-7fa3aacaf000 r--p 00006000 08:03 396522                     /usr/lib/librt-2.19.so
7fa3aacaf000-7fa3aacb0000 rw-p 00007000 08:03 396522                     /usr/lib/librt-2.19.so
7fa3aacb0000-7fa3aacc6000 r-xp 00000000 08:03 399792                     /usr/lib/libgcc_s.so.1
7fa3aacc6000-7fa3aaec5000 ---p 00016000 08:03 399792                     /usr/lib/libgcc_s.so.1
7fa3aaec5000-7fa3aaec6000 rw-p 00015000 08:03 399792                     /usr/lib/libgcc_s.so.1
7fa3aaec8000-7fa3aafcb000 r-xp 00000000 08:03 396484                     /usr/lib/libm-2.19.so
7fa3aafcb000-7fa3ab1ca000 ---p 00103000 08:03 396484                     /usr/lib/libm-2.19.so
7fa3ab1ca000-7fa3ab1cb000 r--p 00102000 08:03 396484                     /usr/lib/libm-2.19.so
7fa3ab1cb000-7fa3ab1cc000 rw-p 00103000 08:03 396484                     /usr/lib/libm-2.19.so
7fa3ab1d0000-7fa3ab2c0000 r-xp 00000000 08:03 399796                     /usr/lib/libstdc++.so.6.0.20
7fa3ab2c0000-7fa3ab4c0000 ---p 000f0000 08:03 399796                     /usr/lib/libstdc++.so.6.0.20
7fa3ab4c0000-7fa3ab4c8000 r--p 000f0000 08:03 399796                     /usr/lib/libstdc++.so.6.0.20
7fa3ab4c8000-7fa3ab4ca000 rw-p 000f8000 08:03 399796                     /usr/lib/libstdc++.so.6.0.20
7fa3ab4ca000-7fa3ab4df000 rw-p 00000000 00:00 0 
7fa3ab4e0000-7fa3ac028000 r-xp 00000000 08:03 1445202                    /usr/lib/jvm/java-7-openjdk/jre/lib/amd64/server/libjvm.so
7fa3ac028000-7fa3ac227000 ---p 00b48000 08:03 1445202                    /usr/lib/jvm/java-7-openjdk/jre/lib/amd64/server/libjvm.so
7fa3ac227000-7fa3ac2e9000 rw-p 00b47000 08:03 1445202                    /usr/lib/jvm/java-7-openjdk/jre/lib/amd64/server/libjvm.so
7fa3ac2e9000-7fa3ac315000 rw-p 00000000 00:00 0 
7fa3ac318000-7fa3ac32d000 r-xp 00000000 08:03 399541                     /usr/lib/libz.so.1.2.8
7fa3ac32d000-7fa3ac52c000 ---p 00015000 08:03 399541                     /usr/lib/libz.so.1.2.8
7fa3ac52c000-7fa3ac52d000 r--p 00014000 08:03 399541                     /usr/lib/libz.so.1.2.8
7fa3ac52d000-7fa3ac52e000 rw-p 00015000 08:03 399541                     /usr/lib/libz.so.1.2.8
7fa3ac530000-7fa3ac6d4000 r-xp 00000000 08:03 396528                     /usr/lib/libc-2.19.so
7fa3ac6d4000-7fa3ac8d4000 ---p 001a4000 08:03 396528                     /usr/lib/libc-2.19.so
7fa3ac8d4000-7fa3ac8d8000 r--p 001a4000 08:03 396528                     /usr/lib/libc-2.19.so
7fa3ac8d8000-7fa3ac8da000 rw-p 001a8000 08:03 396528                     /usr/lib/libc-2.19.so
7fa3ac8da000-7fa3ac8de000 rw-p 00000000 00:00 0 
7fa3ac8e0000-7fa3ac8e3000 r-xp 00000000 08:03 396493                     /usr/lib/libdl-2.19.so
7fa3ac8e3000-7fa3acae2000 ---p 00003000 08:03 396493                     /usr/lib/libdl-2.19.so
7fa3acae2000-7fa3acae3000 r--p 00002000 08:03 396493                     /usr/lib/libdl-2.19.so
7fa3acae3000-7fa3acae4000 rw-p 00003000 08:03 396493                     /usr/lib/libdl-2.19.so
7fa3acae8000-7fa3acaf5000 r-xp 00000000 08:03 1445198                    /usr/lib/jvm/java-7-openjdk/jre/lib/amd64/jli/libjli.so
7fa3acaf5000-7fa3accf4000 ---p 0000d000 08:03 1445198                    /usr/lib/jvm/java-7-openjdk/jre/lib/amd64/jli/libjli.so
7fa3accf4000-7fa3accf5000 rw-p 0000c000 08:03 1445198                    /usr/lib/jvm/java-7-openjdk/jre/lib/amd64/jli/libjli.so
7fa3accf8000-7fa3acd10000 r-xp 00000000 08:03 396543                     /usr/lib/libpthread-2.19.so
7fa3acd10000-7fa3acf10000 ---p 00018000 08:03 396543                     /usr/lib/libpthread-2.19.so
7fa3acf10000-7fa3acf11000 r--p 00018000 08:03 396543                     /usr/lib/libpthread-2.19.so
7fa3acf11000-7fa3acf12000 rw-p 00019000 08:03 396543                     /usr/lib/libpthread-2.19.so
7fa3acf12000-7fa3acf16000 rw-p 00000000 00:00 0 
7fa3acf18000-7fa3acf39000 r-xp 00000000 08:03 396512                     /usr/lib/ld-2.19.so
7fa3acf3f000-7fa3acfe0000 rw-p 00000000 00:00 0 
7fa3acfe0000-7fa3ad028000 rw-p 00000000 00:00 0 
7fa3ad028000-7fa3ad030000 rw-s 00000000 00:1f 2010747                    /tmp/hsperfdata_kris/17894
7fa3ad033000-7fa3ad035000 rw-p 00000000 00:00 0 
7fa3ad035000-7fa3ad036000 ---p 00000000 00:00 0 
7fa3ad036000-7fa3ad039000 ---p 00000000 00:00 0 
7fa3ad039000-7fa3ad138000 rw-p 00000000 00:00 0                          [stack:17898]
7fa3ad138000-7fa3ad139000 r--p 00020000 08:03 396512                     /usr/lib/ld-2.19.so
7fa3ad139000-7fa3ad13a000 rw-p 00021000 08:03 396512                     /usr/lib/ld-2.19.so
7fa3ad13a000-7fa3ad13c000 rw-p 00000000 00:00 0 
7fa3ad13c000-7fa3ad13f000 rw-p 00000000 00:00 0 
7fff885aa000-7fff885cb000 rw-p 00000000 00:00 0                          [stack]
7fff88600000-7fff88602000 r-xp 00000000 00:00 0                          [vdso]
7fff88602000-7fff88604000 r--p 00000000 00:00 0                          [vvar]
ffffffffff600000-ffffffffff601000 r-xp 00000000 00:00 0                  [vsyscall]

VM Arguments:
jvm_args: -Dfile.encoding=UTF-8 -XX:+TieredCompilation -XX:TieredStopAtLevel=1 -XX:-OmitStackTraceInFastThrow -Dclojure.compile.path=null -D.version=null -Dclojure.debug=false 
java_command: clojure.main -i /tmp/form-init1522185245952819662.clj
Launcher Type: SUN_STANDARD

Environment Variables:
JAVA_HOME=/usr/lib/jvm/java-default-runtime
CLASSPATH=/home/kris/.lein/self-installs/leiningen-2.5.0-standalone.jar
PATH=/home/kris/.gem/ruby/2.1.0/bin:/usr/local/sbin:/usr/local/bin:/usr/bin:/usr/bin/core_perl:/home/kris/bin
SHELL=/bin/bash
DISPLAY=:0.0

Signal Handlers:
SIGSEGV: [libjvm.so+0x97c3b0], sa_mask[0]=0x7ffbfeff, sa_flags=0x10000004
SIGBUS: [libjvm.so+0x97c3b0], sa_mask[0]=0x7ffbfeff, sa_flags=0x10000004
SIGFPE: [libjvm.so+0x7eab30], sa_mask[0]=0x7ffbfeff, sa_flags=0x10000004
SIGPIPE: [libjvm.so+0x7eab30], sa_mask[0]=0x7ffbfeff, sa_flags=0x10000004
SIGXFSZ: [libjvm.so+0x7eab30], sa_mask[0]=0x7ffbfeff, sa_flags=0x10000004
SIGILL: [libjvm.so+0x7eab30], sa_mask[0]=0x7ffbfeff, sa_flags=0x10000004
SIGUSR1: SIG_DFL, sa_mask[0]=0x00000000, sa_flags=0x00000000
SIGUSR2: [libjvm.so+0x7ea9b0], sa_mask[0]=0x00000004, sa_flags=0x10000004
SIGHUP: [libjvm.so+0x7eabb0], sa_mask[0]=0x7ffbfeff, sa_flags=0x10000004
SIGINT: [libjvm.so+0x7eabb0], sa_mask[0]=0x7ffbfeff, sa_flags=0x10000004
SIGTERM: [libjvm.so+0x7eabb0], sa_mask[0]=0x7ffbfeff, sa_flags=0x10000004
SIGQUIT: [libjvm.so+0x7eabb0], sa_mask[0]=0x7ffbfeff, sa_flags=0x10000004
SIGTRAP: SIG_DFL, sa_mask[0]=0x00000000, sa_flags=0x00000000


---------------  S Y S T E M  ---------------

OS:Linux
uname:Linux 3.16.1-1-ARCH #1 SMP PREEMPT Thu Aug 14 07:40:19 CEST 2014 x86_64
libc:glibc 2.19 NPTL 2.19 
rlimit: STACK 8192k, CORE 0k, NPROC 12116, NOFILE 4096, AS infinity
load average:2.77 2.24 1.33

/proc/meminfo:
MemTotal:        3107360 kB
MemFree:          134120 kB
MemAvailable:      81752 kB
Buffers:            1736 kB
Cached:            82248 kB
SwapCached:            0 kB
Active:          2753896 kB
Inactive:          57104 kB
Active(anon):    2730876 kB
Inactive(anon):    33480 kB
Active(file):      23020 kB
Inactive(file):    23624 kB
Unevictable:           0 kB
Mlocked:               0 kB
SwapTotal:             0 kB
SwapFree:              0 kB
Dirty:                72 kB
Writeback:             0 kB
AnonPages:       2727096 kB
Mapped:            76640 kB
Shmem:             37260 kB
Slab:              40136 kB
SReclaimable:      17548 kB
SUnreclaim:        22588 kB
KernelStack:        6272 kB
PageTables:        31308 kB
NFS_Unstable:          0 kB
Bounce:                0 kB
WritebackTmp:          0 kB
CommitLimit:     1553680 kB
Committed_AS:    5383132 kB
VmallocTotal:   34359738367 kB
VmallocUsed:      103280 kB
VmallocChunk:   34359595560 kB
HardwareCorrupted:     0 kB
AnonHugePages:   1218560 kB
HugePages_Total:       0
HugePages_Free:        0
HugePages_Rsvd:        0
HugePages_Surp:        0
Hugepagesize:       2048 kB
DirectMap4k:      101520 kB
DirectMap2M:     3201024 kB
DirectMap1G:           0 kB


CPU:total 2 (2 cores per cpu, 1 threads per core) family 21 model 19 stepping 1, cmov, cx8, fxsr, mmx, sse, sse2, sse3, ssse3, sse4.1, sse4.2, popcnt, avx, aes, mmxext, 3dnowpref, lzcnt, sse4a, tsc, tscinvbit, tscinv

/proc/cpuinfo:
processor	: 0
vendor_id	: AuthenticAMD
cpu family	: 21
model		: 19
model name	: AMD A6-5350M APU with Radeon(tm) HD Graphics
stepping	: 1
microcode	: 0x6001119
cpu MHz		: 1400.000
cache size	: 1024 KB
physical id	: 0
siblings	: 2
core id		: 0
cpu cores	: 1
apicid		: 16
initial apicid	: 0
fpu		: yes
fpu_exception	: yes
cpuid level	: 13
wp		: yes
flags		: fpu vme de pse tsc msr pae mce cx8 apic sep mtrr pge mca cmov pat pse36 clflush mmx fxsr sse sse2 ht syscall nx mmxext fxsr_opt pdpe1gb rdtscp lm constant_tsc rep_good nopl nonstop_tsc extd_apicid aperfmperf pni pclmulqdq monitor ssse3 fma cx16 sse4_1 sse4_2 popcnt aes xsave avx f16c lahf_lm cmp_legacy svm extapic cr8_legacy abm sse4a misalignsse 3dnowprefetch osvw ibs xop skinit wdt lwp fma4 tce nodeid_msr tbm topoext perfctr_core perfctr_nb arat cpb hw_pstate npt lbrv svm_lock nrip_save tsc_scale vmcb_clean flushbyasid decodeassists pausefilter pfthreshold bmi1
bogomips	: 5791.43
TLB size	: 1536 4K pages
clflush size	: 64
cache_alignment	: 64
address sizes	: 48 bits physical, 48 bits virtual
power management: ts ttp tm 100mhzsteps hwpstate cpb eff_freq_ro

processor	: 1
vendor_id	: AuthenticAMD
cpu family	: 21
model		: 19
model name	: AMD A6-5350M APU with Radeon(tm) HD Graphics   
stepping	: 1
microcode	: 0x6001119
cpu MHz		: 1400.000
cache size	: 1024 KB
physical id	: 0
siblings	: 2
core id		: 1
cpu cores	: 1
apicid		: 17
initial apicid	: 1
fpu		: yes
fpu_exception	: yes
cpuid level	: 13
wp		: yes
flags		: fpu vme de pse tsc msr pae mce cx8 apic sep mtrr pge mca cmov pat pse36 clflush mmx fxsr sse sse2 ht syscall nx mmxext fxsr_opt pdpe1gb rdtscp lm constant_tsc rep_good nopl nonstop_tsc extd_apicid aperfmperf pni pclmulqdq monitor ssse3 fma cx16 sse4_1 sse4_2 popcnt aes xsave avx f16c lahf_lm cmp_legacy svm extapic cr8_legacy abm sse4a misalignsse 3dnowprefetch osvw ibs xop skinit wdt lwp fma4 tce nodeid_msr tbm topoext perfctr_core perfctr_nb arat cpb hw_pstate npt lbrv svm_lock nrip_save tsc_scale vmcb_clean flushbyasid decodeassists pausefilter pfthreshold bmi1
bogomips	: 5791.43
TLB size	: 1536 4K pages
clflush size	: 64
cache_alignment	: 64
address sizes	: 48 bits physical, 48 bits virtual
power management: ts ttp tm 100mhzsteps hwpstate cpb eff_freq_ro



Memory: 4k page, physical 3107360k(134120k free), swap 0k(0k free)

vm_info: OpenJDK 64-Bit Server VM (24.65-b04) for linux-amd64 JRE (1.7.0_65-b32), built on Aug 16 2014 09:21:13 by "nobody" with gcc 4.9.1

time: Sat Sep 27 15:44:42 2014
elapsed time: 8 seconds

